[0.265s] Invoking command in '/home/amr01/workspace/robofun-1.0/object-detection-ws/build/object_detection_msgs': /usr/bin/cmake /home/amr01/workspace/robofun-1.0/object-detection-ws/src/object_detection_msgs -DAMENT_CMAKE_SYMLINK_INSTALL=1 -DCMAKE_INSTALL_PREFIX=/home/amr01/workspace/robofun-1.0/object-detection-ws/install/object_detection_msgs
[0.334s] -- The C compiler identification is GNU 11.4.0
[0.405s] -- The CXX compiler identification is GNU 11.4.0
[0.413s] -- Detecting C compiler ABI info
[0.471s] -- Detecting C compiler ABI info - done
[0.478s] -- Check for working C compiler: /usr/bin/cc - skipped
[0.478s] -- Detecting C compile features
[0.479s] -- Detecting C compile features - done
[0.482s] -- Detecting CXX compiler ABI info
[0.559s] -- Detecting CXX compiler ABI info - done
[0.566s] -- Check for working CXX compiler: /usr/bin/c++ - skipped
[0.567s] -- Detecting CXX compile features
[0.567s] -- Detecting CXX compile features - done
[0.571s] -- Found ament_cmake: 1.3.9 (/opt/ros/humble/share/ament_cmake/cmake)
[0.735s] -- Found Python3: /usr/bin/python3 (found version "3.10.12") found components: Interpreter 
[0.794s] -- Override CMake install command with custom implementation using symlinks instead of copying resources
[0.830s] -- Found rosidl_default_generators: 1.2.0 (/opt/ros/humble/share/rosidl_default_generators/cmake)
[0.834s] -- Using all available rosidl_typesupport_c: rosidl_typesupport_fastrtps_c;rosidl_typesupport_introspection_c
[0.842s] -- Found rosidl_adapter: 3.1.5 (/opt/ros/humble/share/rosidl_adapter/cmake)
[0.891s] -- Using all available rosidl_typesupport_cpp: rosidl_typesupport_fastrtps_cpp;rosidl_typesupport_introspection_cpp
[0.933s] -- Found std_msgs: 4.2.4 (/opt/ros/humble/share/std_msgs/cmake)
[0.997s] -- Found ament_lint_auto: 0.12.11 (/opt/ros/humble/share/ament_lint_auto/cmake)
[1.075s] [31mCMake Error at /opt/ros/humble/share/rosidl_cmake/cmake/rosidl_generate_interfaces.cmake:93 (message):
[1.075s]   rosidl_generate_interfaces() the passed file '​' doesn't exist relative
[1.075s]   to the CMAKE_CURRENT_SOURCE_DIR
[1.075s]   '/home/amr01/workspace/robofun-1.0/object-detection-ws/src/object_detection_msgs'
[1.075s] Call Stack (most recent call first):
[1.075s]   CMakeLists.txt:24 (rosidl_generate_interfaces)
[1.075s] 
[1.075s] [0m
[1.075s] -- Configuring incomplete, errors occurred!
[1.075s] See also "/home/amr01/workspace/robofun-1.0/object-detection-ws/build/object_detection_msgs/CMakeFiles/CMakeOutput.log".
[1.081s] Invoked command in '/home/amr01/workspace/robofun-1.0/object-detection-ws/build/object_detection_msgs' returned '1': /usr/bin/cmake /home/amr01/workspace/robofun-1.0/object-detection-ws/src/object_detection_msgs -DAMENT_CMAKE_SYMLINK_INSTALL=1 -DCMAKE_INSTALL_PREFIX=/home/amr01/workspace/robofun-1.0/object-detection-ws/install/object_detection_msgs
