[0.268s] Invoking command in '/home/amr01/workspace/robofun-1.0/object-detection-ws/build/object_detection_msgs': /usr/bin/cmake /home/amr01/workspace/robofun-1.0/object-detection-ws/src/object_detection_msgs -DAMENT_CMAKE_SYMLINK_INSTALL=1 -DCMAKE_INSTALL_PREFIX=/home/amr01/workspace/robofun-1.0/object-detection-ws/install/object_detection_msgs
[0.276s] -- Found ament_cmake: 1.3.9 (/opt/ros/humble/share/ament_cmake/cmake)
[0.385s] -- Override CMake install command with custom implementation using symlinks instead of copying resources
[0.390s] -- Found rosidl_default_generators: 1.2.0 (/opt/ros/humble/share/rosidl_default_generators/cmake)
[0.392s] -- Using all available rosidl_typesupport_c: rosidl_typesupport_fastrtps_c;rosidl_typesupport_introspection_c
[0.394s] -- Found rosidl_adapter: 3.1.5 (/opt/ros/humble/share/rosidl_adapter/cmake)
[0.423s] -- Using all available rosidl_typesupport_cpp: rosidl_typesupport_fastrtps_cpp;rosidl_typesupport_introspection_cpp
[0.448s] -- Found std_msgs: 4.2.4 (/opt/ros/humble/share/std_msgs/cmake)
[0.504s] -- Found ament_lint_auto: 0.12.11 (/opt/ros/humble/share/ament_lint_auto/cmake)
[0.725s] [31mCMake Error at /opt/ros/humble/share/rosidl_adapter/cmake/rosidl_adapt_interfaces.cmake:59 (message):
[0.726s]   execute_process(/usr/bin/python3 -m rosidl_adapter --package-name
[0.726s]   object_detection_msgs --arguments-file
[0.726s]   /home/amr01/workspace/robofun-1.0/object-detection-ws/build/object_detection_msgs/rosidl_adapter__arguments__object_detection_msgs.json
[0.726s]   --output-dir
[0.726s]   /home/amr01/workspace/robofun-1.0/object-detection-ws/build/object_detection_msgs/rosidl_adapter/object_detection_msgs
[0.726s]   --output-file
[0.726s]   /home/amr01/workspace/robofun-1.0/object-detection-ws/build/object_detection_msgs/rosidl_adapter/object_detection_msgs.idls)
[0.726s]   returned error code 1:
[0.726s] 
[0.726s]   Error processing 'std_msgs/Header header ​' of
[0.726s]   'object_detection_msgs/Objects': 'parsing string values into type
[0.726s]   'std_msgs/Header' is not supported'
[0.727s] 
[0.727s]   Traceback (most recent call last):
[0.727s] 
[0.727s]     File "/usr/lib/python3.10/runpy.py", line 196, in _run_module_as_main
[0.727s]       return _run_code(code, main_globals, None,
[0.727s]     File "/usr/lib/python3.10/runpy.py", line 86, in _run_code
[0.727s]       exec(code, run_globals)
[0.727s]     File "/opt/ros/humble/local/lib/python3.10/dist-packages/rosidl_adapter/__main__.py", line 19, in <module>
[0.727s]       sys.exit(main())
[0.727s]     File "/opt/ros/humble/local/lib/python3.10/dist-packages/rosidl_adapter/main.py", line 53, in main
[0.727s]       abs_idl_file = convert_to_idl(
[0.727s]     File "/opt/ros/humble/local/lib/python3.10/dist-packages/rosidl_adapter/__init__.py", line 19, in convert_to_idl
[0.727s]       return convert_msg_to_idl(
[0.727s]     File "/opt/ros/humble/local/lib/python3.10/dist-packages/rosidl_adapter/msg/__init__.py", line 28, in convert_msg_to_idl
[0.727s]       msg = parse_message_string(package_name, input_file.stem, content)
[0.728s]     File "/opt/ros/humble/local/lib/python3.10/dist-packages/rosidl_adapter/parser.py", line 519, in parse_message_string
[0.728s]       fields.append(Field(
[0.728s]     File "/opt/ros/humble/local/lib/python3.10/dist-packages/rosidl_adapter/parser.py", line 361, in __init__
[0.728s]       self.default_value = parse_value_string(
[0.728s]     File "/opt/ros/humble/local/lib/python3.10/dist-packages/rosidl_adapter/parser.py", line 638, in parse_value_string
[0.728s]       raise NotImplementedError(
[0.728s] 
[0.728s]   NotImplementedError: parsing string values into type 'std_msgs/Header' is
[0.728s]   not supported
[0.728s] 
[0.728s] Call Stack (most recent call first):
[0.728s]   /opt/ros/humble/share/rosidl_cmake/cmake/rosidl_generate_interfaces.cmake:130 (rosidl_adapt_interfaces)
[0.728s]   CMakeLists.txt:25 (rosidl_generate_interfaces)
[0.729s] 
[0.729s] [0m
[0.729s] -- Configuring incomplete, errors occurred!
[0.729s] See also "/home/amr01/workspace/robofun-1.0/object-detection-ws/build/object_detection_msgs/CMakeFiles/CMakeOutput.log".
[0.732s] Invoked command in '/home/amr01/workspace/robofun-1.0/object-detection-ws/build/object_detection_msgs' returned '1': /usr/bin/cmake /home/amr01/workspace/robofun-1.0/object-detection-ws/src/object_detection_msgs -DAMENT_CMAKE_SYMLINK_INSTALL=1 -DCMAKE_INSTALL_PREFIX=/home/amr01/workspace/robofun-1.0/object-detection-ws/install/object_detection_msgs
