[0.133s] DEBUG:colcon:Command line arguments: ['/usr/bin/colcon', 'build']
[0.133s] DEBUG:colcon:Parsed command line arguments: Namespace(log_base=None, log_level=None, verb_name='build', build_base='build', install_base='install', merge_install=False, symlink_install=False, test_result_base=None, continue_on_error=False, executor='parallel', parallel_workers=8, event_handlers=None, ignore_user_meta=False, metas=['./colcon.meta'], base_paths=['.'], packages_ignore=None, packages_ignore_regex=None, paths=None, packages_up_to=None, packages_up_to_regex=None, packages_above=None, packages_above_and_dependencies=None, packages_above_depth=None, packages_select_by_dep=None, packages_skip_by_dep=None, packages_skip_up_to=None, packages_select_build_failed=False, packages_skip_build_finished=False, packages_select_test_failures=False, packages_skip_test_passed=False, packages_select=None, packages_skip=None, packages_select_regex=None, packages_skip_regex=None, packages_start=None, packages_end=None, allow_overriding=[], cmake_args=None, cmake_target=None, cmake_target_skip_unavailable=False, cmake_clean_cache=False, cmake_clean_first=False, cmake_force_configure=False, ament_cmake_args=None, catkin_cmake_args=None, catkin_skip_building_tests=False, mixin_files=None, mixin=None, verb_parser=<colcon_mixin.mixin.mixin_argument.MixinArgumentDecorator object at 0x7f693d2941c0>, verb_extension=<colcon_core.verb.build.BuildVerb object at 0x7f693d2056f0>, main=<bound method BuildVerb.main of <colcon_core.verb.build.BuildVerb object at 0x7f693d2056f0>>, mixin_verb=('build',))
[0.333s] Level 1:colcon.colcon_core.package_discovery:discover_packages(colcon_meta) check parameters
[0.333s] Level 1:colcon.colcon_core.package_discovery:discover_packages(recursive) check parameters
[0.333s] Level 1:colcon.colcon_core.package_discovery:discover_packages(ignore) check parameters
[0.333s] Level 1:colcon.colcon_core.package_discovery:discover_packages(path) check parameters
[0.333s] Level 1:colcon.colcon_core.package_discovery:discover_packages(colcon_meta) discover
[0.333s] Level 1:colcon.colcon_core.package_discovery:discover_packages(recursive) discover
[0.333s] INFO:colcon.colcon_core.package_discovery:Crawling recursively for packages in '/home/amr01/workspace/robofun-1.0/object-detection-ws'
[0.333s] Level 1:colcon.colcon_core.package_identification:_identify(.) by extensions ['ignore', 'ignore_ament_install']
[0.333s] Level 1:colcon.colcon_core.package_identification:_identify(.) by extension 'ignore'
[0.334s] Level 1:colcon.colcon_core.package_identification:_identify(.) by extension 'ignore_ament_install'
[0.334s] Level 1:colcon.colcon_core.package_identification:_identify(.) by extensions ['colcon_pkg']
[0.334s] Level 1:colcon.colcon_core.package_identification:_identify(.) by extension 'colcon_pkg'
[0.334s] Level 1:colcon.colcon_core.package_identification:_identify(.) by extensions ['colcon_meta']
[0.334s] Level 1:colcon.colcon_core.package_identification:_identify(.) by extension 'colcon_meta'
[0.334s] Level 1:colcon.colcon_core.package_identification:_identify(.) by extensions ['ros']
[0.334s] Level 1:colcon.colcon_core.package_identification:_identify(.) by extension 'ros'
[0.352s] Level 1:colcon.colcon_core.package_identification:_identify(.) by extensions ['cmake', 'python']
[0.352s] Level 1:colcon.colcon_core.package_identification:_identify(.) by extension 'cmake'
[0.352s] Level 1:colcon.colcon_core.package_identification:_identify(.) by extension 'python'
[0.353s] Level 1:colcon.colcon_core.package_identification:_identify(.) by extensions ['python_setup_py']
[0.353s] Level 1:colcon.colcon_core.package_identification:_identify(.) by extension 'python_setup_py'
[0.353s] Level 1:colcon.colcon_core.package_identification:_identify(build) by extensions ['ignore', 'ignore_ament_install']
[0.353s] Level 1:colcon.colcon_core.package_identification:_identify(build) by extension 'ignore'
[0.353s] Level 1:colcon.colcon_core.package_identification:_identify(build) ignored
[0.353s] Level 1:colcon.colcon_core.package_identification:_identify(install) by extensions ['ignore', 'ignore_ament_install']
[0.353s] Level 1:colcon.colcon_core.package_identification:_identify(install) by extension 'ignore'
[0.353s] Level 1:colcon.colcon_core.package_identification:_identify(install) ignored
[0.353s] Level 1:colcon.colcon_core.package_identification:_identify(log) by extensions ['ignore', 'ignore_ament_install']
[0.353s] Level 1:colcon.colcon_core.package_identification:_identify(log) by extension 'ignore'
[0.353s] Level 1:colcon.colcon_core.package_identification:_identify(log) ignored
[0.353s] Level 1:colcon.colcon_core.package_identification:_identify(models) by extensions ['ignore', 'ignore_ament_install']
[0.353s] Level 1:colcon.colcon_core.package_identification:_identify(models) by extension 'ignore'
[0.353s] Level 1:colcon.colcon_core.package_identification:_identify(models) by extension 'ignore_ament_install'
[0.353s] Level 1:colcon.colcon_core.package_identification:_identify(models) by extensions ['colcon_pkg']
[0.354s] Level 1:colcon.colcon_core.package_identification:_identify(models) by extension 'colcon_pkg'
[0.354s] Level 1:colcon.colcon_core.package_identification:_identify(models) by extensions ['colcon_meta']
[0.354s] Level 1:colcon.colcon_core.package_identification:_identify(models) by extension 'colcon_meta'
[0.354s] Level 1:colcon.colcon_core.package_identification:_identify(models) by extensions ['ros']
[0.354s] Level 1:colcon.colcon_core.package_identification:_identify(models) by extension 'ros'
[0.354s] Level 1:colcon.colcon_core.package_identification:_identify(models) by extensions ['cmake', 'python']
[0.354s] Level 1:colcon.colcon_core.package_identification:_identify(models) by extension 'cmake'
[0.354s] Level 1:colcon.colcon_core.package_identification:_identify(models) by extension 'python'
[0.354s] Level 1:colcon.colcon_core.package_identification:_identify(models) by extensions ['python_setup_py']
[0.354s] Level 1:colcon.colcon_core.package_identification:_identify(models) by extension 'python_setup_py'
[0.354s] Level 1:colcon.colcon_core.package_identification:_identify(models/yolov8n_openvino_model) by extensions ['ignore', 'ignore_ament_install']
[0.354s] Level 1:colcon.colcon_core.package_identification:_identify(models/yolov8n_openvino_model) by extension 'ignore'
[0.354s] Level 1:colcon.colcon_core.package_identification:_identify(models/yolov8n_openvino_model) by extension 'ignore_ament_install'
[0.354s] Level 1:colcon.colcon_core.package_identification:_identify(models/yolov8n_openvino_model) by extensions ['colcon_pkg']
[0.354s] Level 1:colcon.colcon_core.package_identification:_identify(models/yolov8n_openvino_model) by extension 'colcon_pkg'
[0.354s] Level 1:colcon.colcon_core.package_identification:_identify(models/yolov8n_openvino_model) by extensions ['colcon_meta']
[0.354s] Level 1:colcon.colcon_core.package_identification:_identify(models/yolov8n_openvino_model) by extension 'colcon_meta'
[0.354s] Level 1:colcon.colcon_core.package_identification:_identify(models/yolov8n_openvino_model) by extensions ['ros']
[0.354s] Level 1:colcon.colcon_core.package_identification:_identify(models/yolov8n_openvino_model) by extension 'ros'
[0.354s] Level 1:colcon.colcon_core.package_identification:_identify(models/yolov8n_openvino_model) by extensions ['cmake', 'python']
[0.354s] Level 1:colcon.colcon_core.package_identification:_identify(models/yolov8n_openvino_model) by extension 'cmake'
[0.354s] Level 1:colcon.colcon_core.package_identification:_identify(models/yolov8n_openvino_model) by extension 'python'
[0.354s] Level 1:colcon.colcon_core.package_identification:_identify(models/yolov8n_openvino_model) by extensions ['python_setup_py']
[0.354s] Level 1:colcon.colcon_core.package_identification:_identify(models/yolov8n_openvino_model) by extension 'python_setup_py'
[0.355s] Level 1:colcon.colcon_core.package_identification:_identify(src) by extensions ['ignore', 'ignore_ament_install']
[0.355s] Level 1:colcon.colcon_core.package_identification:_identify(src) by extension 'ignore'
[0.355s] Level 1:colcon.colcon_core.package_identification:_identify(src) by extension 'ignore_ament_install'
[0.355s] Level 1:colcon.colcon_core.package_identification:_identify(src) by extensions ['colcon_pkg']
[0.355s] Level 1:colcon.colcon_core.package_identification:_identify(src) by extension 'colcon_pkg'
[0.355s] Level 1:colcon.colcon_core.package_identification:_identify(src) by extensions ['colcon_meta']
[0.355s] Level 1:colcon.colcon_core.package_identification:_identify(src) by extension 'colcon_meta'
[0.355s] Level 1:colcon.colcon_core.package_identification:_identify(src) by extensions ['ros']
[0.355s] Level 1:colcon.colcon_core.package_identification:_identify(src) by extension 'ros'
[0.355s] Level 1:colcon.colcon_core.package_identification:_identify(src) by extensions ['cmake', 'python']
[0.355s] Level 1:colcon.colcon_core.package_identification:_identify(src) by extension 'cmake'
[0.355s] Level 1:colcon.colcon_core.package_identification:_identify(src) by extension 'python'
[0.355s] Level 1:colcon.colcon_core.package_identification:_identify(src) by extensions ['python_setup_py']
[0.355s] Level 1:colcon.colcon_core.package_identification:_identify(src) by extension 'python_setup_py'
[0.355s] Level 1:colcon.colcon_core.package_identification:_identify(src/object_detection) by extensions ['ignore', 'ignore_ament_install']
[0.355s] Level 1:colcon.colcon_core.package_identification:_identify(src/object_detection) by extension 'ignore'
[0.355s] Level 1:colcon.colcon_core.package_identification:_identify(src/object_detection) by extension 'ignore_ament_install'
[0.355s] Level 1:colcon.colcon_core.package_identification:_identify(src/object_detection) by extensions ['colcon_pkg']
[0.355s] Level 1:colcon.colcon_core.package_identification:_identify(src/object_detection) by extension 'colcon_pkg'
[0.355s] Level 1:colcon.colcon_core.package_identification:_identify(src/object_detection) by extensions ['colcon_meta']
[0.355s] Level 1:colcon.colcon_core.package_identification:_identify(src/object_detection) by extension 'colcon_meta'
[0.355s] Level 1:colcon.colcon_core.package_identification:_identify(src/object_detection) by extensions ['ros']
[0.355s] Level 1:colcon.colcon_core.package_identification:_identify(src/object_detection) by extension 'ros'
[0.358s] DEBUG:colcon.colcon_core.package_identification:Package 'src/object_detection' with type 'ros.ament_python' and name 'object_detection'
[0.359s] Level 1:colcon.colcon_core.package_identification:_identify(src/object_detection_msgs) by extensions ['ignore', 'ignore_ament_install']
[0.359s] Level 1:colcon.colcon_core.package_identification:_identify(src/object_detection_msgs) by extension 'ignore'
[0.359s] Level 1:colcon.colcon_core.package_identification:_identify(src/object_detection_msgs) by extension 'ignore_ament_install'
[0.359s] Level 1:colcon.colcon_core.package_identification:_identify(src/object_detection_msgs) by extensions ['colcon_pkg']
[0.359s] Level 1:colcon.colcon_core.package_identification:_identify(src/object_detection_msgs) by extension 'colcon_pkg'
[0.359s] Level 1:colcon.colcon_core.package_identification:_identify(src/object_detection_msgs) by extensions ['colcon_meta']
[0.359s] Level 1:colcon.colcon_core.package_identification:_identify(src/object_detection_msgs) by extension 'colcon_meta'
[0.359s] Level 1:colcon.colcon_core.package_identification:_identify(src/object_detection_msgs) by extensions ['ros']
[0.359s] Level 1:colcon.colcon_core.package_identification:_identify(src/object_detection_msgs) by extension 'ros'
[0.360s] DEBUG:colcon.colcon_core.package_identification:Package 'src/object_detection_msgs' with type 'ros.ament_cmake' and name 'object_detection_msgs'
[0.360s] Level 1:colcon.colcon_core.package_identification:_identify(src/scuttle_mqtt) by extensions ['ignore', 'ignore_ament_install']
[0.360s] Level 1:colcon.colcon_core.package_identification:_identify(src/scuttle_mqtt) by extension 'ignore'
[0.360s] Level 1:colcon.colcon_core.package_identification:_identify(src/scuttle_mqtt) by extension 'ignore_ament_install'
[0.360s] Level 1:colcon.colcon_core.package_identification:_identify(src/scuttle_mqtt) by extensions ['colcon_pkg']
[0.360s] Level 1:colcon.colcon_core.package_identification:_identify(src/scuttle_mqtt) by extension 'colcon_pkg'
[0.360s] Level 1:colcon.colcon_core.package_identification:_identify(src/scuttle_mqtt) by extensions ['colcon_meta']
[0.360s] Level 1:colcon.colcon_core.package_identification:_identify(src/scuttle_mqtt) by extension 'colcon_meta'
[0.360s] Level 1:colcon.colcon_core.package_identification:_identify(src/scuttle_mqtt) by extensions ['ros']
[0.360s] Level 1:colcon.colcon_core.package_identification:_identify(src/scuttle_mqtt) by extension 'ros'
[0.361s] DEBUG:colcon.colcon_core.package_identification:Package 'src/scuttle_mqtt' with type 'ros.ament_python' and name 'scuttle_mqtt'
[0.361s] Level 1:colcon.colcon_core.package_discovery:discover_packages(recursive) using defaults
[0.361s] Level 1:colcon.colcon_core.package_discovery:discover_packages(ignore) discover
[0.361s] Level 1:colcon.colcon_core.package_discovery:discover_packages(ignore) using defaults
[0.361s] Level 1:colcon.colcon_core.package_discovery:discover_packages(path) discover
[0.361s] Level 1:colcon.colcon_core.package_discovery:discover_packages(path) using defaults
[0.382s] Level 1:colcon.colcon_core.package_discovery:discover_packages(prefix_path) check parameters
[0.382s] Level 1:colcon.colcon_core.package_discovery:discover_packages(prefix_path) discover
[0.386s] DEBUG:colcon.colcon_installed_package_information.package_discovery:Found 457 installed packages in /opt/ros/humble
[0.388s] Level 1:colcon.colcon_core.package_discovery:discover_packages(prefix_path) using defaults
[0.437s] Level 5:colcon.colcon_core.verb:set package 'object_detection' build argument 'cmake_args' from command line to 'None'
[0.437s] Level 5:colcon.colcon_core.verb:set package 'object_detection' build argument 'cmake_target' from command line to 'None'
[0.438s] Level 5:colcon.colcon_core.verb:set package 'object_detection' build argument 'cmake_target_skip_unavailable' from command line to 'False'
[0.438s] Level 5:colcon.colcon_core.verb:set package 'object_detection' build argument 'cmake_clean_cache' from command line to 'False'
[0.438s] Level 5:colcon.colcon_core.verb:set package 'object_detection' build argument 'cmake_clean_first' from command line to 'False'
[0.438s] Level 5:colcon.colcon_core.verb:set package 'object_detection' build argument 'cmake_force_configure' from command line to 'False'
[0.438s] Level 5:colcon.colcon_core.verb:set package 'object_detection' build argument 'ament_cmake_args' from command line to 'None'
[0.438s] Level 5:colcon.colcon_core.verb:set package 'object_detection' build argument 'catkin_cmake_args' from command line to 'None'
[0.438s] Level 5:colcon.colcon_core.verb:set package 'object_detection' build argument 'catkin_skip_building_tests' from command line to 'False'
[0.438s] DEBUG:colcon.colcon_core.verb:Building package 'object_detection' with the following arguments: {'ament_cmake_args': None, 'build_base': '/home/amr01/workspace/robofun-1.0/object-detection-ws/build/object_detection', 'catkin_cmake_args': None, 'catkin_skip_building_tests': False, 'cmake_args': None, 'cmake_clean_cache': False, 'cmake_clean_first': False, 'cmake_force_configure': False, 'cmake_target': None, 'cmake_target_skip_unavailable': False, 'install_base': '/home/amr01/workspace/robofun-1.0/object-detection-ws/install/object_detection', 'merge_install': False, 'path': '/home/amr01/workspace/robofun-1.0/object-detection-ws/src/object_detection', 'symlink_install': False, 'test_result_base': None}
[0.438s] Level 5:colcon.colcon_core.verb:set package 'object_detection_msgs' build argument 'cmake_args' from command line to 'None'
[0.438s] Level 5:colcon.colcon_core.verb:set package 'object_detection_msgs' build argument 'cmake_target' from command line to 'None'
[0.438s] Level 5:colcon.colcon_core.verb:set package 'object_detection_msgs' build argument 'cmake_target_skip_unavailable' from command line to 'False'
[0.438s] Level 5:colcon.colcon_core.verb:set package 'object_detection_msgs' build argument 'cmake_clean_cache' from command line to 'False'
[0.438s] Level 5:colcon.colcon_core.verb:set package 'object_detection_msgs' build argument 'cmake_clean_first' from command line to 'False'
[0.438s] Level 5:colcon.colcon_core.verb:set package 'object_detection_msgs' build argument 'cmake_force_configure' from command line to 'False'
[0.438s] Level 5:colcon.colcon_core.verb:set package 'object_detection_msgs' build argument 'ament_cmake_args' from command line to 'None'
[0.438s] Level 5:colcon.colcon_core.verb:set package 'object_detection_msgs' build argument 'catkin_cmake_args' from command line to 'None'
[0.438s] Level 5:colcon.colcon_core.verb:set package 'object_detection_msgs' build argument 'catkin_skip_building_tests' from command line to 'False'
[0.438s] DEBUG:colcon.colcon_core.verb:Building package 'object_detection_msgs' with the following arguments: {'ament_cmake_args': None, 'build_base': '/home/amr01/workspace/robofun-1.0/object-detection-ws/build/object_detection_msgs', 'catkin_cmake_args': None, 'catkin_skip_building_tests': False, 'cmake_args': None, 'cmake_clean_cache': False, 'cmake_clean_first': False, 'cmake_force_configure': False, 'cmake_target': None, 'cmake_target_skip_unavailable': False, 'install_base': '/home/amr01/workspace/robofun-1.0/object-detection-ws/install/object_detection_msgs', 'merge_install': False, 'path': '/home/amr01/workspace/robofun-1.0/object-detection-ws/src/object_detection_msgs', 'symlink_install': False, 'test_result_base': None}
[0.439s] Level 5:colcon.colcon_core.verb:set package 'scuttle_mqtt' build argument 'cmake_args' from command line to 'None'
[0.439s] Level 5:colcon.colcon_core.verb:set package 'scuttle_mqtt' build argument 'cmake_target' from command line to 'None'
[0.439s] Level 5:colcon.colcon_core.verb:set package 'scuttle_mqtt' build argument 'cmake_target_skip_unavailable' from command line to 'False'
[0.439s] Level 5:colcon.colcon_core.verb:set package 'scuttle_mqtt' build argument 'cmake_clean_cache' from command line to 'False'
[0.439s] Level 5:colcon.colcon_core.verb:set package 'scuttle_mqtt' build argument 'cmake_clean_first' from command line to 'False'
[0.439s] Level 5:colcon.colcon_core.verb:set package 'scuttle_mqtt' build argument 'cmake_force_configure' from command line to 'False'
[0.439s] Level 5:colcon.colcon_core.verb:set package 'scuttle_mqtt' build argument 'ament_cmake_args' from command line to 'None'
[0.439s] Level 5:colcon.colcon_core.verb:set package 'scuttle_mqtt' build argument 'catkin_cmake_args' from command line to 'None'
[0.439s] Level 5:colcon.colcon_core.verb:set package 'scuttle_mqtt' build argument 'catkin_skip_building_tests' from command line to 'False'
[0.439s] DEBUG:colcon.colcon_core.verb:Building package 'scuttle_mqtt' with the following arguments: {'ament_cmake_args': None, 'build_base': '/home/amr01/workspace/robofun-1.0/object-detection-ws/build/scuttle_mqtt', 'catkin_cmake_args': None, 'catkin_skip_building_tests': False, 'cmake_args': None, 'cmake_clean_cache': False, 'cmake_clean_first': False, 'cmake_force_configure': False, 'cmake_target': None, 'cmake_target_skip_unavailable': False, 'install_base': '/home/amr01/workspace/robofun-1.0/object-detection-ws/install/scuttle_mqtt', 'merge_install': False, 'path': '/home/amr01/workspace/robofun-1.0/object-detection-ws/src/scuttle_mqtt', 'symlink_install': False, 'test_result_base': None}
[0.439s] INFO:colcon.colcon_core.executor:Executing jobs using 'parallel' executor
[0.440s] DEBUG:colcon.colcon_parallel_executor.executor.parallel:run_until_complete
[0.440s] INFO:colcon.colcon_ros.task.ament_python.build:Building ROS package in '/home/amr01/workspace/robofun-1.0/object-detection-ws/src/object_detection' with build type 'ament_python'
[0.440s] Level 1:colcon.colcon_core.shell:create_environment_hook('object_detection', 'ament_prefix_path')
[0.443s] INFO:colcon.colcon_core.plugin_system:Skipping extension 'colcon_core.shell.bat': Not used on non-Windows systems
[0.444s] INFO:colcon.colcon_core.shell:Creating environment hook '/home/amr01/workspace/robofun-1.0/object-detection-ws/install/object_detection/share/object_detection/hook/ament_prefix_path.ps1'
[0.444s] INFO:colcon.colcon_core.shell:Creating environment descriptor '/home/amr01/workspace/robofun-1.0/object-detection-ws/install/object_detection/share/object_detection/hook/ament_prefix_path.dsv'
[0.445s] INFO:colcon.colcon_core.shell:Creating environment hook '/home/amr01/workspace/robofun-1.0/object-detection-ws/install/object_detection/share/object_detection/hook/ament_prefix_path.sh'
[0.446s] INFO:colcon.colcon_core.shell:Skip shell extension 'powershell' for command environment: Not usable outside of PowerShell
[0.446s] DEBUG:colcon.colcon_core.shell:Skip shell extension 'dsv' for command environment
[0.449s] INFO:colcon.colcon_ros.task.ament_cmake.build:Building ROS package in '/home/amr01/workspace/robofun-1.0/object-detection-ws/src/object_detection_msgs' with build type 'ament_cmake'
[0.449s] INFO:colcon.colcon_cmake.task.cmake.build:Building CMake package in '/home/amr01/workspace/robofun-1.0/object-detection-ws/src/object_detection_msgs'
[0.449s] INFO:colcon.colcon_core.shell:Skip shell extension 'powershell' for command environment: Not usable outside of PowerShell
[0.449s] DEBUG:colcon.colcon_core.shell:Skip shell extension 'dsv' for command environment
[0.452s] INFO:colcon.colcon_ros.task.ament_python.build:Building ROS package in '/home/amr01/workspace/robofun-1.0/object-detection-ws/src/scuttle_mqtt' with build type 'ament_python'
[0.452s] Level 1:colcon.colcon_core.shell:create_environment_hook('scuttle_mqtt', 'ament_prefix_path')
[0.452s] INFO:colcon.colcon_core.shell:Creating environment hook '/home/amr01/workspace/robofun-1.0/object-detection-ws/install/scuttle_mqtt/share/scuttle_mqtt/hook/ament_prefix_path.ps1'
[0.453s] INFO:colcon.colcon_core.shell:Creating environment descriptor '/home/amr01/workspace/robofun-1.0/object-detection-ws/install/scuttle_mqtt/share/scuttle_mqtt/hook/ament_prefix_path.dsv'
[0.453s] INFO:colcon.colcon_core.shell:Creating environment hook '/home/amr01/workspace/robofun-1.0/object-detection-ws/install/scuttle_mqtt/share/scuttle_mqtt/hook/ament_prefix_path.sh'
[0.453s] INFO:colcon.colcon_core.shell:Skip shell extension 'powershell' for command environment: Not usable outside of PowerShell
[0.453s] DEBUG:colcon.colcon_core.shell:Skip shell extension 'dsv' for command environment
[0.737s] INFO:colcon.colcon_core.task.python.build:Building Python package in '/home/amr01/workspace/robofun-1.0/object-detection-ws/src/object_detection'
[0.738s] INFO:colcon.colcon_core.shell:Skip shell extension 'powershell' for command environment: Not usable outside of PowerShell
[0.738s] DEBUG:colcon.colcon_core.shell:Skip shell extension 'dsv' for command environment
[0.746s] DEBUG:colcon.colcon_core.event_handler.log_command:Invoking command in '/home/amr01/workspace/robofun-1.0/object-detection-ws/build/object_detection_msgs': /usr/bin/cmake /home/amr01/workspace/robofun-1.0/object-detection-ws/src/object_detection_msgs -DCMAKE_INSTALL_PREFIX=/home/amr01/workspace/robofun-1.0/object-detection-ws/install/object_detection_msgs
[1.025s] INFO:colcon.colcon_core.task.python.build:Building Python package in '/home/amr01/workspace/robofun-1.0/object-detection-ws/src/scuttle_mqtt'
[1.025s] INFO:colcon.colcon_core.shell:Skip shell extension 'powershell' for command environment: Not usable outside of PowerShell
[1.025s] DEBUG:colcon.colcon_core.shell:Skip shell extension 'dsv' for command environment
[1.466s] DEBUG:colcon.colcon_core.event_handler.log_command:Invoking command in '/home/amr01/workspace/robofun-1.0/object-detection-ws/build/object_detection': PYTHONPATH=/home/amr01/workspace/robofun-1.0/object-detection-ws/build/object_detection/prefix_override:/usr/lib/python3/dist-packages/colcon_core/task/python/colcon_distutils_commands:/home/amr01/workspace/robofun-1.0/object-detection-ws/install/object_detection/lib/python3.10/site-packages:${PYTHONPATH} /usr/bin/python3 -W ignore:setup.py install is deprecated -W ignore:easy_install command is deprecated setup.py develop --uninstall --editable --build-directory /home/amr01/workspace/robofun-1.0/object-detection-ws/build/object_detection/build
[1.467s] DEBUG:colcon.colcon_core.event_handler.log_command:Invoking command in '/home/amr01/workspace/robofun-1.0/object-detection-ws/src/scuttle_mqtt': PYTHONPATH=/home/amr01/workspace/robofun-1.0/object-detection-ws/build/scuttle_mqtt/prefix_override:/usr/lib/python3/dist-packages/colcon_core/task/python/colcon_distutils_commands:/home/amr01/workspace/robofun-1.0/object-detection-ws/install/scuttle_mqtt/lib/python3.10/site-packages:${PYTHONPATH} /usr/bin/python3 -W ignore:setup.py install is deprecated -W ignore:easy_install command is deprecated setup.py egg_info --egg-base ../../build/scuttle_mqtt build --build-base /home/amr01/workspace/robofun-1.0/object-detection-ws/build/scuttle_mqtt/build install --record /home/amr01/workspace/robofun-1.0/object-detection-ws/build/scuttle_mqtt/install.log --single-version-externally-managed install_data
[1.784s] DEBUG:colcon.colcon_core.event_handler.log_command:Invoked command in '/home/amr01/workspace/robofun-1.0/object-detection-ws/src/scuttle_mqtt' returned '0': PYTHONPATH=/home/amr01/workspace/robofun-1.0/object-detection-ws/build/scuttle_mqtt/prefix_override:/usr/lib/python3/dist-packages/colcon_core/task/python/colcon_distutils_commands:/home/amr01/workspace/robofun-1.0/object-detection-ws/install/scuttle_mqtt/lib/python3.10/site-packages:${PYTHONPATH} /usr/bin/python3 -W ignore:setup.py install is deprecated -W ignore:easy_install command is deprecated setup.py egg_info --egg-base ../../build/scuttle_mqtt build --build-base /home/amr01/workspace/robofun-1.0/object-detection-ws/build/scuttle_mqtt/build install --record /home/amr01/workspace/robofun-1.0/object-detection-ws/build/scuttle_mqtt/install.log --single-version-externally-managed install_data
[1.788s] Level 1:colcon.colcon_core.environment:checking '/home/amr01/workspace/robofun-1.0/object-detection-ws/install/scuttle_mqtt' for CMake module files
[1.789s] Level 1:colcon.colcon_core.environment:checking '/home/amr01/workspace/robofun-1.0/object-detection-ws/install/scuttle_mqtt' for CMake config files
[1.789s] Level 1:colcon.colcon_core.environment:checking '/home/amr01/workspace/robofun-1.0/object-detection-ws/install/scuttle_mqtt/lib'
[1.789s] Level 1:colcon.colcon_core.environment:checking '/home/amr01/workspace/robofun-1.0/object-detection-ws/install/scuttle_mqtt/bin'
[1.790s] Level 1:colcon.colcon_core.environment:checking '/home/amr01/workspace/robofun-1.0/object-detection-ws/install/scuttle_mqtt/lib/pkgconfig/scuttle_mqtt.pc'
[1.790s] Level 1:colcon.colcon_core.environment:checking '/home/amr01/workspace/robofun-1.0/object-detection-ws/install/scuttle_mqtt/lib/python3.10/site-packages'
[1.790s] Level 1:colcon.colcon_core.shell:create_environment_hook('scuttle_mqtt', 'pythonpath')
[1.790s] INFO:colcon.colcon_core.shell:Creating environment hook '/home/amr01/workspace/robofun-1.0/object-detection-ws/install/scuttle_mqtt/share/scuttle_mqtt/hook/pythonpath.ps1'
[1.791s] INFO:colcon.colcon_core.shell:Creating environment descriptor '/home/amr01/workspace/robofun-1.0/object-detection-ws/install/scuttle_mqtt/share/scuttle_mqtt/hook/pythonpath.dsv'
[1.791s] INFO:colcon.colcon_core.shell:Creating environment hook '/home/amr01/workspace/robofun-1.0/object-detection-ws/install/scuttle_mqtt/share/scuttle_mqtt/hook/pythonpath.sh'
[1.792s] Level 1:colcon.colcon_core.environment:checking '/home/amr01/workspace/robofun-1.0/object-detection-ws/install/scuttle_mqtt/bin'
[1.792s] Level 1:colcon.colcon_core.environment:create_environment_scripts_only(scuttle_mqtt)
[1.793s] INFO:colcon.colcon_core.shell:Creating package script '/home/amr01/workspace/robofun-1.0/object-detection-ws/install/scuttle_mqtt/share/scuttle_mqtt/package.ps1'
[1.795s] INFO:colcon.colcon_core.shell:Creating package descriptor '/home/amr01/workspace/robofun-1.0/object-detection-ws/install/scuttle_mqtt/share/scuttle_mqtt/package.dsv'
[1.796s] INFO:colcon.colcon_core.shell:Creating package script '/home/amr01/workspace/robofun-1.0/object-detection-ws/install/scuttle_mqtt/share/scuttle_mqtt/package.sh'
[1.797s] INFO:colcon.colcon_core.shell:Creating package script '/home/amr01/workspace/robofun-1.0/object-detection-ws/install/scuttle_mqtt/share/scuttle_mqtt/package.bash'
[1.798s] INFO:colcon.colcon_core.shell:Creating package script '/home/amr01/workspace/robofun-1.0/object-detection-ws/install/scuttle_mqtt/share/scuttle_mqtt/package.zsh'
[1.799s] Level 1:colcon.colcon_core.environment:create_file_with_runtime_dependencies(/home/amr01/workspace/robofun-1.0/object-detection-ws/install/scuttle_mqtt/share/colcon-core/packages/scuttle_mqtt)
[1.891s] DEBUG:colcon.colcon_core.event_handler.log_command:Invoked command in '/home/amr01/workspace/robofun-1.0/object-detection-ws/build/object_detection_msgs' returned '0': /usr/bin/cmake /home/amr01/workspace/robofun-1.0/object-detection-ws/src/object_detection_msgs -DCMAKE_INSTALL_PREFIX=/home/amr01/workspace/robofun-1.0/object-detection-ws/install/object_detection_msgs
[1.893s] DEBUG:colcon.colcon_core.event_handler.log_command:Invoking command in '/home/amr01/workspace/robofun-1.0/object-detection-ws/build/object_detection_msgs': /usr/bin/cmake --build /home/amr01/workspace/robofun-1.0/object-detection-ws/build/object_detection_msgs -- -j8 -l8
[1.984s] DEBUG:colcon.colcon_core.event_handler.log_command:Invoked command in '/home/amr01/workspace/robofun-1.0/object-detection-ws/build/object_detection' returned '0': PYTHONPATH=/home/amr01/workspace/robofun-1.0/object-detection-ws/build/object_detection/prefix_override:/usr/lib/python3/dist-packages/colcon_core/task/python/colcon_distutils_commands:/home/amr01/workspace/robofun-1.0/object-detection-ws/install/object_detection/lib/python3.10/site-packages:${PYTHONPATH} /usr/bin/python3 -W ignore:setup.py install is deprecated -W ignore:easy_install command is deprecated setup.py develop --uninstall --editable --build-directory /home/amr01/workspace/robofun-1.0/object-detection-ws/build/object_detection/build
[1.985s] DEBUG:colcon.colcon_core.event_handler.log_command:Invoking command in '/home/amr01/workspace/robofun-1.0/object-detection-ws/src/object_detection': PYTHONPATH=/home/amr01/workspace/robofun-1.0/object-detection-ws/build/object_detection/prefix_override:/usr/lib/python3/dist-packages/colcon_core/task/python/colcon_distutils_commands:/home/amr01/workspace/robofun-1.0/object-detection-ws/install/object_detection/lib/python3.10/site-packages:${PYTHONPATH} /usr/bin/python3 -W ignore:setup.py install is deprecated -W ignore:easy_install command is deprecated setup.py egg_info --egg-base ../../build/object_detection build --build-base /home/amr01/workspace/robofun-1.0/object-detection-ws/build/object_detection/build install --record /home/amr01/workspace/robofun-1.0/object-detection-ws/build/object_detection/install.log --single-version-externally-managed install_data --force
[2.313s] Level 1:colcon.colcon_core.environment:checking '/home/amr01/workspace/robofun-1.0/object-detection-ws/install/object_detection' for CMake module files
[2.313s] Level 1:colcon.colcon_core.environment:checking '/home/amr01/workspace/robofun-1.0/object-detection-ws/install/object_detection' for CMake config files
[2.314s] Level 1:colcon.colcon_core.environment:checking '/home/amr01/workspace/robofun-1.0/object-detection-ws/install/object_detection/lib'
[2.314s] Level 1:colcon.colcon_core.environment:checking '/home/amr01/workspace/robofun-1.0/object-detection-ws/install/object_detection/bin'
[2.314s] Level 1:colcon.colcon_core.environment:checking '/home/amr01/workspace/robofun-1.0/object-detection-ws/install/object_detection/lib/pkgconfig/object_detection.pc'
[2.315s] Level 1:colcon.colcon_core.environment:checking '/home/amr01/workspace/robofun-1.0/object-detection-ws/install/object_detection/lib/python3.10/site-packages'
[2.315s] Level 1:colcon.colcon_core.shell:create_environment_hook('object_detection', 'pythonpath')
[2.315s] INFO:colcon.colcon_core.shell:Creating environment hook '/home/amr01/workspace/robofun-1.0/object-detection-ws/install/object_detection/share/object_detection/hook/pythonpath.ps1'
[2.316s] INFO:colcon.colcon_core.shell:Creating environment descriptor '/home/amr01/workspace/robofun-1.0/object-detection-ws/install/object_detection/share/object_detection/hook/pythonpath.dsv'
[2.316s] DEBUG:colcon.colcon_core.event_handler.log_command:Invoked command in '/home/amr01/workspace/robofun-1.0/object-detection-ws/src/object_detection' returned '0': PYTHONPATH=/home/amr01/workspace/robofun-1.0/object-detection-ws/build/object_detection/prefix_override:/usr/lib/python3/dist-packages/colcon_core/task/python/colcon_distutils_commands:/home/amr01/workspace/robofun-1.0/object-detection-ws/install/object_detection/lib/python3.10/site-packages:${PYTHONPATH} /usr/bin/python3 -W ignore:setup.py install is deprecated -W ignore:easy_install command is deprecated setup.py egg_info --egg-base ../../build/object_detection build --build-base /home/amr01/workspace/robofun-1.0/object-detection-ws/build/object_detection/build install --record /home/amr01/workspace/robofun-1.0/object-detection-ws/build/object_detection/install.log --single-version-externally-managed install_data --force
[2.317s] INFO:colcon.colcon_core.shell:Creating environment hook '/home/amr01/workspace/robofun-1.0/object-detection-ws/install/object_detection/share/object_detection/hook/pythonpath.sh'
[2.318s] Level 1:colcon.colcon_core.environment:checking '/home/amr01/workspace/robofun-1.0/object-detection-ws/install/object_detection/bin'
[2.318s] Level 1:colcon.colcon_core.environment:create_environment_scripts_only(object_detection)
[2.318s] INFO:colcon.colcon_core.shell:Creating package script '/home/amr01/workspace/robofun-1.0/object-detection-ws/install/object_detection/share/object_detection/package.ps1'
[2.319s] INFO:colcon.colcon_core.shell:Creating package descriptor '/home/amr01/workspace/robofun-1.0/object-detection-ws/install/object_detection/share/object_detection/package.dsv'
[2.320s] INFO:colcon.colcon_core.shell:Creating package script '/home/amr01/workspace/robofun-1.0/object-detection-ws/install/object_detection/share/object_detection/package.sh'
[2.320s] INFO:colcon.colcon_core.shell:Creating package script '/home/amr01/workspace/robofun-1.0/object-detection-ws/install/object_detection/share/object_detection/package.bash'
[2.321s] INFO:colcon.colcon_core.shell:Creating package script '/home/amr01/workspace/robofun-1.0/object-detection-ws/install/object_detection/share/object_detection/package.zsh'
[2.321s] Level 1:colcon.colcon_core.environment:create_file_with_runtime_dependencies(/home/amr01/workspace/robofun-1.0/object-detection-ws/install/object_detection/share/colcon-core/packages/object_detection)
[4.587s] DEBUG:colcon.colcon_core.event_handler.log_command:Invoked command in '/home/amr01/workspace/robofun-1.0/object-detection-ws/build/object_detection_msgs' returned '0': /usr/bin/cmake --build /home/amr01/workspace/robofun-1.0/object-detection-ws/build/object_detection_msgs -- -j8 -l8
[4.595s] DEBUG:colcon.colcon_core.event_handler.log_command:Invoking command in '/home/amr01/workspace/robofun-1.0/object-detection-ws/build/object_detection_msgs': /usr/bin/cmake --install /home/amr01/workspace/robofun-1.0/object-detection-ws/build/object_detection_msgs
[4.687s] Level 1:colcon.colcon_core.environment:create_environment_scripts_only(object_detection_msgs)
[4.687s] Level 1:colcon.colcon_core.environment:checking '/home/amr01/workspace/robofun-1.0/object-detection-ws/install/object_detection_msgs' for CMake module files
[4.687s] DEBUG:colcon.colcon_core.event_handler.log_command:Invoked command in '/home/amr01/workspace/robofun-1.0/object-detection-ws/build/object_detection_msgs' returned '0': /usr/bin/cmake --install /home/amr01/workspace/robofun-1.0/object-detection-ws/build/object_detection_msgs
[4.688s] Level 1:colcon.colcon_core.environment:checking '/home/amr01/workspace/robofun-1.0/object-detection-ws/install/object_detection_msgs' for CMake config files
[4.688s] Level 1:colcon.colcon_core.shell:create_environment_hook('object_detection_msgs', 'cmake_prefix_path')
[4.688s] INFO:colcon.colcon_core.shell:Creating environment hook '/home/amr01/workspace/robofun-1.0/object-detection-ws/install/object_detection_msgs/share/object_detection_msgs/hook/cmake_prefix_path.ps1'
[4.689s] INFO:colcon.colcon_core.shell:Creating environment descriptor '/home/amr01/workspace/robofun-1.0/object-detection-ws/install/object_detection_msgs/share/object_detection_msgs/hook/cmake_prefix_path.dsv'
[4.689s] INFO:colcon.colcon_core.shell:Creating environment hook '/home/amr01/workspace/robofun-1.0/object-detection-ws/install/object_detection_msgs/share/object_detection_msgs/hook/cmake_prefix_path.sh'
[4.690s] Level 1:colcon.colcon_core.environment:checking '/home/amr01/workspace/robofun-1.0/object-detection-ws/install/object_detection_msgs/lib'
[4.690s] Level 1:colcon.colcon_core.shell:create_environment_hook('object_detection_msgs', 'ld_library_path_lib')
[4.690s] INFO:colcon.colcon_core.shell:Creating environment hook '/home/amr01/workspace/robofun-1.0/object-detection-ws/install/object_detection_msgs/share/object_detection_msgs/hook/ld_library_path_lib.ps1'
[4.690s] INFO:colcon.colcon_core.shell:Creating environment descriptor '/home/amr01/workspace/robofun-1.0/object-detection-ws/install/object_detection_msgs/share/object_detection_msgs/hook/ld_library_path_lib.dsv'
[4.691s] INFO:colcon.colcon_core.shell:Creating environment hook '/home/amr01/workspace/robofun-1.0/object-detection-ws/install/object_detection_msgs/share/object_detection_msgs/hook/ld_library_path_lib.sh'
[4.691s] Level 1:colcon.colcon_core.environment:checking '/home/amr01/workspace/robofun-1.0/object-detection-ws/install/object_detection_msgs/bin'
[4.691s] Level 1:colcon.colcon_core.environment:checking '/home/amr01/workspace/robofun-1.0/object-detection-ws/install/object_detection_msgs/lib/pkgconfig/object_detection_msgs.pc'
[4.691s] Level 1:colcon.colcon_core.environment:checking '/home/amr01/workspace/robofun-1.0/object-detection-ws/install/object_detection_msgs/lib/python3.10/site-packages'
[4.691s] Level 1:colcon.colcon_core.environment:checking '/home/amr01/workspace/robofun-1.0/object-detection-ws/install/object_detection_msgs/bin'
[4.692s] INFO:colcon.colcon_core.shell:Creating package script '/home/amr01/workspace/robofun-1.0/object-detection-ws/install/object_detection_msgs/share/object_detection_msgs/package.ps1'
[4.692s] INFO:colcon.colcon_core.shell:Creating package descriptor '/home/amr01/workspace/robofun-1.0/object-detection-ws/install/object_detection_msgs/share/object_detection_msgs/package.dsv'
[4.692s] INFO:colcon.colcon_core.shell:Creating package script '/home/amr01/workspace/robofun-1.0/object-detection-ws/install/object_detection_msgs/share/object_detection_msgs/package.sh'
[4.693s] INFO:colcon.colcon_core.shell:Creating package script '/home/amr01/workspace/robofun-1.0/object-detection-ws/install/object_detection_msgs/share/object_detection_msgs/package.bash'
[4.693s] INFO:colcon.colcon_core.shell:Creating package script '/home/amr01/workspace/robofun-1.0/object-detection-ws/install/object_detection_msgs/share/object_detection_msgs/package.zsh'
[4.693s] Level 1:colcon.colcon_core.environment:create_file_with_runtime_dependencies(/home/amr01/workspace/robofun-1.0/object-detection-ws/install/object_detection_msgs/share/colcon-core/packages/object_detection_msgs)
[4.694s] Level 1:colcon.colcon_core.environment:create_environment_scripts_only(object_detection_msgs)
[4.694s] Level 1:colcon.colcon_core.environment:checking '/home/amr01/workspace/robofun-1.0/object-detection-ws/install/object_detection_msgs' for CMake module files
[4.694s] Level 1:colcon.colcon_core.environment:checking '/home/amr01/workspace/robofun-1.0/object-detection-ws/install/object_detection_msgs' for CMake config files
[4.695s] Level 1:colcon.colcon_core.shell:create_environment_hook('object_detection_msgs', 'cmake_prefix_path')
[4.695s] INFO:colcon.colcon_core.shell:Creating environment hook '/home/amr01/workspace/robofun-1.0/object-detection-ws/install/object_detection_msgs/share/object_detection_msgs/hook/cmake_prefix_path.ps1'
[4.695s] INFO:colcon.colcon_core.shell:Creating environment descriptor '/home/amr01/workspace/robofun-1.0/object-detection-ws/install/object_detection_msgs/share/object_detection_msgs/hook/cmake_prefix_path.dsv'
[4.696s] INFO:colcon.colcon_core.shell:Creating environment hook '/home/amr01/workspace/robofun-1.0/object-detection-ws/install/object_detection_msgs/share/object_detection_msgs/hook/cmake_prefix_path.sh'
[4.696s] Level 1:colcon.colcon_core.environment:checking '/home/amr01/workspace/robofun-1.0/object-detection-ws/install/object_detection_msgs/lib'
[4.696s] Level 1:colcon.colcon_core.shell:create_environment_hook('object_detection_msgs', 'ld_library_path_lib')
[4.696s] INFO:colcon.colcon_core.shell:Creating environment hook '/home/amr01/workspace/robofun-1.0/object-detection-ws/install/object_detection_msgs/share/object_detection_msgs/hook/ld_library_path_lib.ps1'
[4.697s] INFO:colcon.colcon_core.shell:Creating environment descriptor '/home/amr01/workspace/robofun-1.0/object-detection-ws/install/object_detection_msgs/share/object_detection_msgs/hook/ld_library_path_lib.dsv'
[4.697s] INFO:colcon.colcon_core.shell:Creating environment hook '/home/amr01/workspace/robofun-1.0/object-detection-ws/install/object_detection_msgs/share/object_detection_msgs/hook/ld_library_path_lib.sh'
[4.697s] Level 1:colcon.colcon_core.environment:checking '/home/amr01/workspace/robofun-1.0/object-detection-ws/install/object_detection_msgs/bin'
[4.697s] Level 1:colcon.colcon_core.environment:checking '/home/amr01/workspace/robofun-1.0/object-detection-ws/install/object_detection_msgs/lib/pkgconfig/object_detection_msgs.pc'
[4.698s] Level 1:colcon.colcon_core.environment:checking '/home/amr01/workspace/robofun-1.0/object-detection-ws/install/object_detection_msgs/lib/python3.10/site-packages'
[4.698s] Level 1:colcon.colcon_core.environment:checking '/home/amr01/workspace/robofun-1.0/object-detection-ws/install/object_detection_msgs/bin'
[4.698s] INFO:colcon.colcon_core.shell:Creating package script '/home/amr01/workspace/robofun-1.0/object-detection-ws/install/object_detection_msgs/share/object_detection_msgs/package.ps1'
[4.698s] INFO:colcon.colcon_core.shell:Creating package descriptor '/home/amr01/workspace/robofun-1.0/object-detection-ws/install/object_detection_msgs/share/object_detection_msgs/package.dsv'
[4.699s] INFO:colcon.colcon_core.shell:Creating package script '/home/amr01/workspace/robofun-1.0/object-detection-ws/install/object_detection_msgs/share/object_detection_msgs/package.sh'
[4.699s] INFO:colcon.colcon_core.shell:Creating package script '/home/amr01/workspace/robofun-1.0/object-detection-ws/install/object_detection_msgs/share/object_detection_msgs/package.bash'
[4.700s] INFO:colcon.colcon_core.shell:Creating package script '/home/amr01/workspace/robofun-1.0/object-detection-ws/install/object_detection_msgs/share/object_detection_msgs/package.zsh'
[4.700s] Level 1:colcon.colcon_core.environment:create_file_with_runtime_dependencies(/home/amr01/workspace/robofun-1.0/object-detection-ws/install/object_detection_msgs/share/colcon-core/packages/object_detection_msgs)
[4.700s] DEBUG:colcon.colcon_parallel_executor.executor.parallel:closing loop
[4.700s] DEBUG:colcon.colcon_parallel_executor.executor.parallel:loop closed
[4.700s] DEBUG:colcon.colcon_parallel_executor.executor.parallel:run_until_complete finished with '0'
[4.701s] DEBUG:colcon.colcon_core.event_reactor:joining thread
[4.706s] INFO:colcon.colcon_core.plugin_system:Skipping extension 'colcon_notification.desktop_notification.terminal_notifier': Not used on non-Darwin systems
[4.706s] INFO:colcon.colcon_core.plugin_system:Skipping extension 'colcon_notification.desktop_notification.win32': Not used on non-Windows systems
[4.706s] INFO:colcon.colcon_notification.desktop_notification:Sending desktop notification using 'notify2'
[4.720s] DEBUG:colcon.colcon_core.event_reactor:joined thread
[4.721s] INFO:colcon.colcon_core.shell:Creating prefix script '/home/amr01/workspace/robofun-1.0/object-detection-ws/install/local_setup.ps1'
[4.722s] INFO:colcon.colcon_core.shell:Creating prefix util module '/home/amr01/workspace/robofun-1.0/object-detection-ws/install/_local_setup_util_ps1.py'
[4.724s] INFO:colcon.colcon_core.shell:Creating prefix chain script '/home/amr01/workspace/robofun-1.0/object-detection-ws/install/setup.ps1'
[4.725s] INFO:colcon.colcon_core.shell:Creating prefix script '/home/amr01/workspace/robofun-1.0/object-detection-ws/install/local_setup.sh'
[4.725s] INFO:colcon.colcon_core.shell:Creating prefix util module '/home/amr01/workspace/robofun-1.0/object-detection-ws/install/_local_setup_util_sh.py'
[4.726s] INFO:colcon.colcon_core.shell:Creating prefix chain script '/home/amr01/workspace/robofun-1.0/object-detection-ws/install/setup.sh'
[4.727s] INFO:colcon.colcon_core.shell:Creating prefix script '/home/amr01/workspace/robofun-1.0/object-detection-ws/install/local_setup.bash'
[4.727s] INFO:colcon.colcon_core.shell:Creating prefix chain script '/home/amr01/workspace/robofun-1.0/object-detection-ws/install/setup.bash'
[4.728s] INFO:colcon.colcon_core.shell:Creating prefix script '/home/amr01/workspace/robofun-1.0/object-detection-ws/install/local_setup.zsh'
[4.729s] INFO:colcon.colcon_core.shell:Creating prefix chain script '/home/amr01/workspace/robofun-1.0/object-detection-ws/install/setup.zsh'
