[1.015s] Invoking command in '/home/amr01/workspace/robofun-1.0/object-detection-ws/src/object_detection': PYTHONPATH=/home/amr01/workspace/robofun-1.0/object-detection-ws/build/object_detection/prefix_override:/usr/lib/python3/dist-packages/colcon_core/task/python/colcon_distutils_commands:/home/amr01/workspace/robofun-1.0/object-detection-ws/install/object_detection/lib/python3.10/site-packages:${PYTHONPATH} /usr/bin/python3 -W ignore:setup.py install is deprecated -W ignore:easy_install command is deprecated setup.py egg_info --egg-base ../../build/object_detection build --build-base /home/amr01/workspace/robofun-1.0/object-detection-ws/build/object_detection/build install --record /home/amr01/workspace/robofun-1.0/object-detection-ws/build/object_detection/install.log --single-version-externally-managed install_data
[1.284s] running egg_info
[1.285s] writing ../../build/object_detection/object_detection.egg-info/PKG-INFO
[1.285s] writing dependency_links to ../../build/object_detection/object_detection.egg-info/dependency_links.txt
[1.285s] writing entry points to ../../build/object_detection/object_detection.egg-info/entry_points.txt
[1.285s] writing requirements to ../../build/object_detection/object_detection.egg-info/requires.txt
[1.285s] writing top-level names to ../../build/object_detection/object_detection.egg-info/top_level.txt
[1.287s] reading manifest file '../../build/object_detection/object_detection.egg-info/SOURCES.txt'
[1.288s] writing manifest file '../../build/object_detection/object_detection.egg-info/SOURCES.txt'
[1.288s] running build
[1.288s] running build_py
[1.288s] running install
[1.288s] running install_lib
[1.289s] running install_data
[1.289s] running install_egg_info
[1.291s] removing '/home/amr01/workspace/robofun-1.0/object-detection-ws/install/object_detection/lib/python3.10/site-packages/object_detection-0.0.0-py3.10.egg-info' (and everything under it)
[1.291s] Copying ../../build/object_detection/object_detection.egg-info to /home/amr01/workspace/robofun-1.0/object-detection-ws/install/object_detection/lib/python3.10/site-packages/object_detection-0.0.0-py3.10.egg-info
[1.292s] running install_scripts
[1.311s] Installing object_detection_node script to /home/amr01/workspace/robofun-1.0/object-detection-ws/install/object_detection/lib/object_detection
[1.311s] writing list of installed files to '/home/amr01/workspace/robofun-1.0/object-detection-ws/build/object_detection/install.log'
[1.338s] Invoked command in '/home/amr01/workspace/robofun-1.0/object-detection-ws/src/object_detection' returned '0': PYTHONPATH=/home/amr01/workspace/robofun-1.0/object-detection-ws/build/object_detection/prefix_override:/usr/lib/python3/dist-packages/colcon_core/task/python/colcon_distutils_commands:/home/amr01/workspace/robofun-1.0/object-detection-ws/install/object_detection/lib/python3.10/site-packages:${PYTHONPATH} /usr/bin/python3 -W ignore:setup.py install is deprecated -W ignore:easy_install command is deprecated setup.py egg_info --egg-base ../../build/object_detection build --build-base /home/amr01/workspace/robofun-1.0/object-detection-ws/build/object_detection/build install --record /home/amr01/workspace/robofun-1.0/object-detection-ws/build/object_detection/install.log --single-version-externally-managed install_data
