[35m[1mConsolidate compiler generated dependencies of target object_detection_msgs__rosidl_generator_c[0m
[  2%] Built target object_detection_msgs__cpp
[ 12%] Built target object_detection_msgs__rosidl_generator_c
[ 12%] Built target ament_cmake_python_symlink_object_detection_msgs
[35m[1mConsolidate compiler generated dependencies of target object_detection_msgs__rosidl_typesupport_cpp[0m
[35m[1mConsolidate compiler generated dependencies of target object_detection_msgs__rosidl_typesupport_fastrtps_cpp[0m
[35m[1mConsolidate compiler generated dependencies of target object_detection_msgs__rosidl_typesupport_introspection_cpp[0m
[35m[1mConsolidate compiler generated dependencies of target object_detection_msgs__rosidl_typesupport_introspection_c[0m
[35m[1mConsolidate compiler generated dependencies of target object_detection_msgs__rosidl_typesupport_c[0m
[35m[1mConsolidate compiler generated dependencies of target object_detection_msgs__rosidl_typesupport_fastrtps_c[0m
[ 23%] Built target object_detection_msgs__rosidl_typesupport_c
[ 33%] Built target object_detection_msgs__rosidl_typesupport_introspection_c
[ 43%] Built target object_detection_msgs__rosidl_typesupport_cpp
[ 53%] Built target object_detection_msgs__rosidl_typesupport_introspection_cpp
[ 64%] Built target object_detection_msgs__rosidl_typesupport_fastrtps_cpp
[ 74%] Built target object_detection_msgs__rosidl_typesupport_fastrtps_c
[ 74%] Built target object_detection_msgs
[ 76%] Built target object_detection_msgs__py
[35m[1mConsolidate compiler generated dependencies of target object_detection_msgs__rosidl_generator_py[0m
[ 84%] Built target object_detection_msgs__rosidl_generator_py
[35m[1mConsolidate compiler generated dependencies of target object_detection_msgs__rosidl_typesupport_introspection_c__pyext[0m
[35m[1mConsolidate compiler generated dependencies of target object_detection_msgs__rosidl_typesupport_c__pyext[0m
[35m[1mConsolidate compiler generated dependencies of target object_detection_msgs__rosidl_typesupport_fastrtps_c__pyext[0m
[ 89%] Built target object_detection_msgs__rosidl_typesupport_c__pyext
[ 94%] Built target object_detection_msgs__rosidl_typesupport_introspection_c__pyext
[100%] Built target object_detection_msgs__rosidl_typesupport_fastrtps_c__pyext
running egg_info
writing object_detection_msgs.egg-info/PKG-INFO
writing dependency_links to object_detection_msgs.egg-info/dependency_links.txt
writing top-level names to object_detection_msgs.egg-info/top_level.txt
reading manifest file 'object_detection_msgs.egg-info/SOURCES.txt'
writing manifest file 'object_detection_msgs.egg-info/SOURCES.txt'
[100%] Built target ament_cmake_python_build_object_detection_msgs_egg
-- Install configuration: ""
-- Execute custom install script
-- Up-to-date symlink: /home/amr01/workspace/robofun-1.0/object-detection-ws/install/object_detection_msgs/share/ament_index/resource_index/rosidl_interfaces/object_detection_msgs
-- Up-to-date symlink: /home/amr01/workspace/robofun-1.0/object-detection-ws/install/object_detection_msgs/include/object_detection_msgs/object_detection_msgs/msg/detail/object__functions.h
-- Up-to-date symlink: /home/amr01/workspace/robofun-1.0/object-detection-ws/install/object_detection_msgs/include/object_detection_msgs/object_detection_msgs/msg/detail/object__struct.h
-- Up-to-date symlink: /home/amr01/workspace/robofun-1.0/object-detection-ws/install/object_detection_msgs/include/object_detection_msgs/object_detection_msgs/msg/detail/object__type_support.h
-- Up-to-date symlink: /home/amr01/workspace/robofun-1.0/object-detection-ws/install/object_detection_msgs/include/object_detection_msgs/object_detection_msgs/msg/detail/objects__functions.h
-- Up-to-date symlink: /home/amr01/workspace/robofun-1.0/object-detection-ws/install/object_detection_msgs/include/object_detection_msgs/object_detection_msgs/msg/detail/objects__struct.h
-- Up-to-date symlink: /home/amr01/workspace/robofun-1.0/object-detection-ws/install/object_detection_msgs/include/object_detection_msgs/object_detection_msgs/msg/detail/objects__type_support.h
-- Up-to-date symlink: /home/amr01/workspace/robofun-1.0/object-detection-ws/install/object_detection_msgs/include/object_detection_msgs/object_detection_msgs/msg/object.h
-- Up-to-date symlink: /home/amr01/workspace/robofun-1.0/object-detection-ws/install/object_detection_msgs/include/object_detection_msgs/object_detection_msgs/msg/objects.h
-- Up-to-date symlink: /home/amr01/workspace/robofun-1.0/object-detection-ws/install/object_detection_msgs/include/object_detection_msgs/object_detection_msgs/msg/rosidl_generator_c__visibility_control.h
-- Up-to-date symlink: /home/amr01/workspace/robofun-1.0/object-detection-ws/install/object_detection_msgs/share/object_detection_msgs/environment/library_path.sh
-- Up-to-date symlink: /home/amr01/workspace/robofun-1.0/object-detection-ws/install/object_detection_msgs/share/object_detection_msgs/environment/library_path.dsv
-- Up-to-date symlink: /home/amr01/workspace/robofun-1.0/object-detection-ws/install/object_detection_msgs/include/object_detection_msgs/object_detection_msgs/msg/detail/object__rosidl_typesupport_fastrtps_c.h
-- Up-to-date symlink: /home/amr01/workspace/robofun-1.0/object-detection-ws/install/object_detection_msgs/include/object_detection_msgs/object_detection_msgs/msg/detail/objects__rosidl_typesupport_fastrtps_c.h
-- Up-to-date symlink: /home/amr01/workspace/robofun-1.0/object-detection-ws/install/object_detection_msgs/include/object_detection_msgs/object_detection_msgs/msg/rosidl_typesupport_fastrtps_c__visibility_control.h
-- Up-to-date symlink: /home/amr01/workspace/robofun-1.0/object-detection-ws/install/object_detection_msgs/include/object_detection_msgs/object_detection_msgs/msg/detail/object__rosidl_typesupport_introspection_c.h
-- Up-to-date symlink: /home/amr01/workspace/robofun-1.0/object-detection-ws/install/object_detection_msgs/include/object_detection_msgs/object_detection_msgs/msg/detail/objects__rosidl_typesupport_introspection_c.h
-- Up-to-date symlink: /home/amr01/workspace/robofun-1.0/object-detection-ws/install/object_detection_msgs/include/object_detection_msgs/object_detection_msgs/msg/rosidl_typesupport_introspection_c__visibility_control.h
-- Up-to-date symlink: /home/amr01/workspace/robofun-1.0/object-detection-ws/install/object_detection_msgs/include/object_detection_msgs/object_detection_msgs/msg/detail/object__builder.hpp
-- Up-to-date symlink: /home/amr01/workspace/robofun-1.0/object-detection-ws/install/object_detection_msgs/include/object_detection_msgs/object_detection_msgs/msg/detail/object__struct.hpp
-- Up-to-date symlink: /home/amr01/workspace/robofun-1.0/object-detection-ws/install/object_detection_msgs/include/object_detection_msgs/object_detection_msgs/msg/detail/object__traits.hpp
-- Up-to-date symlink: /home/amr01/workspace/robofun-1.0/object-detection-ws/install/object_detection_msgs/include/object_detection_msgs/object_detection_msgs/msg/detail/object__type_support.hpp
-- Up-to-date symlink: /home/amr01/workspace/robofun-1.0/object-detection-ws/install/object_detection_msgs/include/object_detection_msgs/object_detection_msgs/msg/detail/objects__builder.hpp
-- Up-to-date symlink: /home/amr01/workspace/robofun-1.0/object-detection-ws/install/object_detection_msgs/include/object_detection_msgs/object_detection_msgs/msg/detail/objects__struct.hpp
-- Up-to-date symlink: /home/amr01/workspace/robofun-1.0/object-detection-ws/install/object_detection_msgs/include/object_detection_msgs/object_detection_msgs/msg/detail/objects__traits.hpp
-- Up-to-date symlink: /home/amr01/workspace/robofun-1.0/object-detection-ws/install/object_detection_msgs/include/object_detection_msgs/object_detection_msgs/msg/detail/objects__type_support.hpp
-- Up-to-date symlink: /home/amr01/workspace/robofun-1.0/object-detection-ws/install/object_detection_msgs/include/object_detection_msgs/object_detection_msgs/msg/object.hpp
-- Up-to-date symlink: /home/amr01/workspace/robofun-1.0/object-detection-ws/install/object_detection_msgs/include/object_detection_msgs/object_detection_msgs/msg/objects.hpp
-- Up-to-date symlink: /home/amr01/workspace/robofun-1.0/object-detection-ws/install/object_detection_msgs/include/object_detection_msgs/object_detection_msgs/msg/rosidl_generator_cpp__visibility_control.hpp
-- Up-to-date symlink: /home/amr01/workspace/robofun-1.0/object-detection-ws/install/object_detection_msgs/include/object_detection_msgs/object_detection_msgs/msg/detail/object__rosidl_typesupport_fastrtps_cpp.hpp
-- Up-to-date symlink: /home/amr01/workspace/robofun-1.0/object-detection-ws/install/object_detection_msgs/include/object_detection_msgs/object_detection_msgs/msg/detail/objects__rosidl_typesupport_fastrtps_cpp.hpp
-- Up-to-date symlink: /home/amr01/workspace/robofun-1.0/object-detection-ws/install/object_detection_msgs/include/object_detection_msgs/object_detection_msgs/msg/rosidl_typesupport_fastrtps_cpp__visibility_control.h
-- Up-to-date symlink: /home/amr01/workspace/robofun-1.0/object-detection-ws/install/object_detection_msgs/include/object_detection_msgs/object_detection_msgs/msg/detail/object__rosidl_typesupport_introspection_cpp.hpp
-- Up-to-date symlink: /home/amr01/workspace/robofun-1.0/object-detection-ws/install/object_detection_msgs/include/object_detection_msgs/object_detection_msgs/msg/detail/objects__rosidl_typesupport_introspection_cpp.hpp
-- Up-to-date symlink: /home/amr01/workspace/robofun-1.0/object-detection-ws/install/object_detection_msgs/share/object_detection_msgs/environment/pythonpath.sh
-- Up-to-date symlink: /home/amr01/workspace/robofun-1.0/object-detection-ws/install/object_detection_msgs/share/object_detection_msgs/environment/pythonpath.dsv
-- Up-to-date symlink: /home/amr01/workspace/robofun-1.0/object-detection-ws/install/object_detection_msgs/local/lib/python3.10/dist-packages/object_detection_msgs-0.0.0-py3.10.egg-info/PKG-INFO
-- Up-to-date symlink: /home/amr01/workspace/robofun-1.0/object-detection-ws/install/object_detection_msgs/local/lib/python3.10/dist-packages/object_detection_msgs-0.0.0-py3.10.egg-info/SOURCES.txt
-- Up-to-date symlink: /home/amr01/workspace/robofun-1.0/object-detection-ws/install/object_detection_msgs/local/lib/python3.10/dist-packages/object_detection_msgs-0.0.0-py3.10.egg-info/dependency_links.txt
-- Up-to-date symlink: /home/amr01/workspace/robofun-1.0/object-detection-ws/install/object_detection_msgs/local/lib/python3.10/dist-packages/object_detection_msgs-0.0.0-py3.10.egg-info/top_level.txt
-- Up-to-date symlink: /home/amr01/workspace/robofun-1.0/object-detection-ws/install/object_detection_msgs/local/lib/python3.10/dist-packages/object_detection_msgs/__init__.py
-- Up-to-date symlink: /home/amr01/workspace/robofun-1.0/object-detection-ws/install/object_detection_msgs/local/lib/python3.10/dist-packages/object_detection_msgs/_object_detection_msgs_s.ep.rosidl_typesupport_c.c
-- Up-to-date symlink: /home/amr01/workspace/robofun-1.0/object-detection-ws/install/object_detection_msgs/local/lib/python3.10/dist-packages/object_detection_msgs/_object_detection_msgs_s.ep.rosidl_typesupport_fastrtps_c.c
-- Up-to-date symlink: /home/amr01/workspace/robofun-1.0/object-detection-ws/install/object_detection_msgs/local/lib/python3.10/dist-packages/object_detection_msgs/_object_detection_msgs_s.ep.rosidl_typesupport_introspection_c.c
-- Up-to-date symlink: /home/amr01/workspace/robofun-1.0/object-detection-ws/install/object_detection_msgs/local/lib/python3.10/dist-packages/object_detection_msgs/libobject_detection_msgs__rosidl_generator_py.so
-- Up-to-date symlink: /home/amr01/workspace/robofun-1.0/object-detection-ws/install/object_detection_msgs/local/lib/python3.10/dist-packages/object_detection_msgs/msg/__init__.py
-- Up-to-date symlink: /home/amr01/workspace/robofun-1.0/object-detection-ws/install/object_detection_msgs/local/lib/python3.10/dist-packages/object_detection_msgs/msg/_object.py
-- Up-to-date symlink: /home/amr01/workspace/robofun-1.0/object-detection-ws/install/object_detection_msgs/local/lib/python3.10/dist-packages/object_detection_msgs/msg/_object_s.c
-- Up-to-date symlink: /home/amr01/workspace/robofun-1.0/object-detection-ws/install/object_detection_msgs/local/lib/python3.10/dist-packages/object_detection_msgs/msg/_objects.py
-- Up-to-date symlink: /home/amr01/workspace/robofun-1.0/object-detection-ws/install/object_detection_msgs/local/lib/python3.10/dist-packages/object_detection_msgs/msg/_objects_s.c
-- Up-to-date symlink: /home/amr01/workspace/robofun-1.0/object-detection-ws/install/object_detection_msgs/local/lib/python3.10/dist-packages/object_detection_msgs/object_detection_msgs_s__rosidl_typesupport_c.cpython-310-x86_64-linux-gnu.so
-- Up-to-date symlink: /home/amr01/workspace/robofun-1.0/object-detection-ws/install/object_detection_msgs/local/lib/python3.10/dist-packages/object_detection_msgs/object_detection_msgs_s__rosidl_typesupport_fastrtps_c.cpython-310-x86_64-linux-gnu.so
-- Up-to-date symlink: /home/amr01/workspace/robofun-1.0/object-detection-ws/install/object_detection_msgs/local/lib/python3.10/dist-packages/object_detection_msgs/object_detection_msgs_s__rosidl_typesupport_introspection_c.cpython-310-x86_64-linux-gnu.so
-- Up-to-date symlink: /home/amr01/workspace/robofun-1.0/object-detection-ws/install/object_detection_msgs/local/lib/python3.10/dist-packages/object_detection_msgs/object_detection_msgs_s__rosidl_typesupport_fastrtps_c.cpython-310-x86_64-linux-gnu.so
-- Up-to-date symlink: /home/amr01/workspace/robofun-1.0/object-detection-ws/install/object_detection_msgs/local/lib/python3.10/dist-packages/object_detection_msgs/object_detection_msgs_s__rosidl_typesupport_introspection_c.cpython-310-x86_64-linux-gnu.so
-- Up-to-date symlink: /home/amr01/workspace/robofun-1.0/object-detection-ws/install/object_detection_msgs/local/lib/python3.10/dist-packages/object_detection_msgs/object_detection_msgs_s__rosidl_typesupport_c.cpython-310-x86_64-linux-gnu.so
-- Up-to-date symlink: /home/amr01/workspace/robofun-1.0/object-detection-ws/install/object_detection_msgs/share/object_detection_msgs/msg/Object.idl
-- Up-to-date symlink: /home/amr01/workspace/robofun-1.0/object-detection-ws/install/object_detection_msgs/share/object_detection_msgs/msg/Objects.idl
-- Up-to-date symlink: /home/amr01/workspace/robofun-1.0/object-detection-ws/install/object_detection_msgs/share/object_detection_msgs/msg/Object.msg
-- Up-to-date symlink: /home/amr01/workspace/robofun-1.0/object-detection-ws/install/object_detection_msgs/share/object_detection_msgs/msg/Objects.msg
-- Up-to-date symlink: /home/amr01/workspace/robofun-1.0/object-detection-ws/install/object_detection_msgs/share/ament_index/resource_index/package_run_dependencies/object_detection_msgs
-- Up-to-date symlink: /home/amr01/workspace/robofun-1.0/object-detection-ws/install/object_detection_msgs/share/ament_index/resource_index/parent_prefix_path/object_detection_msgs
-- Up-to-date symlink: /home/amr01/workspace/robofun-1.0/object-detection-ws/install/object_detection_msgs/share/object_detection_msgs/environment/ament_prefix_path.sh
-- Up-to-date symlink: /home/amr01/workspace/robofun-1.0/object-detection-ws/install/object_detection_msgs/share/object_detection_msgs/environment/ament_prefix_path.dsv
-- Up-to-date symlink: /home/amr01/workspace/robofun-1.0/object-detection-ws/install/object_detection_msgs/share/object_detection_msgs/environment/path.sh
-- Up-to-date symlink: /home/amr01/workspace/robofun-1.0/object-detection-ws/install/object_detection_msgs/share/object_detection_msgs/environment/path.dsv
-- Up-to-date symlink: /home/amr01/workspace/robofun-1.0/object-detection-ws/install/object_detection_msgs/share/object_detection_msgs/local_setup.bash
-- Up-to-date symlink: /home/amr01/workspace/robofun-1.0/object-detection-ws/install/object_detection_msgs/share/object_detection_msgs/local_setup.sh
-- Up-to-date symlink: /home/amr01/workspace/robofun-1.0/object-detection-ws/install/object_detection_msgs/share/object_detection_msgs/local_setup.zsh
-- Up-to-date symlink: /home/amr01/workspace/robofun-1.0/object-detection-ws/install/object_detection_msgs/share/object_detection_msgs/local_setup.dsv
-- Symlinking: /home/amr01/workspace/robofun-1.0/object-detection-ws/install/object_detection_msgs/share/object_detection_msgs/package.dsv
-- Up-to-date symlink: /home/amr01/workspace/robofun-1.0/object-detection-ws/install/object_detection_msgs/share/ament_index/resource_index/packages/object_detection_msgs
-- Up-to-date symlink: /home/amr01/workspace/robofun-1.0/object-detection-ws/install/object_detection_msgs/share/object_detection_msgs/cmake/rosidl_cmake-extras.cmake
-- Up-to-date symlink: /home/amr01/workspace/robofun-1.0/object-detection-ws/install/object_detection_msgs/share/object_detection_msgs/cmake/ament_cmake_export_dependencies-extras.cmake
-- Up-to-date symlink: /home/amr01/workspace/robofun-1.0/object-detection-ws/install/object_detection_msgs/share/object_detection_msgs/cmake/ament_cmake_export_include_directories-extras.cmake
-- Up-to-date symlink: /home/amr01/workspace/robofun-1.0/object-detection-ws/install/object_detection_msgs/share/object_detection_msgs/cmake/ament_cmake_export_libraries-extras.cmake
-- Up-to-date symlink: /home/amr01/workspace/robofun-1.0/object-detection-ws/install/object_detection_msgs/share/object_detection_msgs/cmake/ament_cmake_export_targets-extras.cmake
-- Up-to-date symlink: /home/amr01/workspace/robofun-1.0/object-detection-ws/install/object_detection_msgs/share/object_detection_msgs/cmake/rosidl_cmake_export_typesupport_targets-extras.cmake
-- Up-to-date symlink: /home/amr01/workspace/robofun-1.0/object-detection-ws/install/object_detection_msgs/share/object_detection_msgs/cmake/rosidl_cmake_export_typesupport_libraries-extras.cmake
-- Up-to-date symlink: /home/amr01/workspace/robofun-1.0/object-detection-ws/install/object_detection_msgs/share/object_detection_msgs/cmake/object_detection_msgsConfig.cmake
-- Up-to-date symlink: /home/amr01/workspace/robofun-1.0/object-detection-ws/install/object_detection_msgs/share/object_detection_msgs/cmake/object_detection_msgsConfig-version.cmake
-- Up-to-date symlink: /home/amr01/workspace/robofun-1.0/object-detection-ws/install/object_detection_msgs/share/object_detection_msgs/package.xml
-- Up-to-date: /home/amr01/workspace/robofun-1.0/object-detection-ws/install/object_detection_msgs/lib/libobject_detection_msgs__rosidl_generator_c.so
-- Up-to-date: /home/amr01/workspace/robofun-1.0/object-detection-ws/install/object_detection_msgs/lib/libobject_detection_msgs__rosidl_typesupport_fastrtps_c.so
-- Up-to-date: /home/amr01/workspace/robofun-1.0/object-detection-ws/install/object_detection_msgs/lib/libobject_detection_msgs__rosidl_typesupport_introspection_c.so
-- Up-to-date: /home/amr01/workspace/robofun-1.0/object-detection-ws/install/object_detection_msgs/lib/libobject_detection_msgs__rosidl_typesupport_c.so
-- Up-to-date: /home/amr01/workspace/robofun-1.0/object-detection-ws/install/object_detection_msgs/lib/libobject_detection_msgs__rosidl_typesupport_fastrtps_cpp.so
-- Up-to-date: /home/amr01/workspace/robofun-1.0/object-detection-ws/install/object_detection_msgs/lib/libobject_detection_msgs__rosidl_typesupport_introspection_cpp.so
-- Up-to-date: /home/amr01/workspace/robofun-1.0/object-detection-ws/install/object_detection_msgs/lib/libobject_detection_msgs__rosidl_typesupport_cpp.so
Listing '/home/amr01/workspace/robofun-1.0/object-detection-ws/install/object_detection_msgs/local/lib/python3.10/dist-packages/object_detection_msgs'...
Listing '/home/amr01/workspace/robofun-1.0/object-detection-ws/install/object_detection_msgs/local/lib/python3.10/dist-packages/object_detection_msgs/msg'...
-- Up-to-date: /home/amr01/workspace/robofun-1.0/object-detection-ws/install/object_detection_msgs/lib/libobject_detection_msgs__rosidl_generator_py.so
-- Up-to-date: /home/amr01/workspace/robofun-1.0/object-detection-ws/install/object_detection_msgs/share/object_detection_msgs/cmake/export_object_detection_msgs__rosidl_generator_cExport.cmake
-- Up-to-date: /home/amr01/workspace/robofun-1.0/object-detection-ws/install/object_detection_msgs/share/object_detection_msgs/cmake/export_object_detection_msgs__rosidl_generator_cExport-noconfig.cmake
-- Up-to-date: /home/amr01/workspace/robofun-1.0/object-detection-ws/install/object_detection_msgs/share/object_detection_msgs/cmake/export_object_detection_msgs__rosidl_typesupport_fastrtps_cExport.cmake
-- Up-to-date: /home/amr01/workspace/robofun-1.0/object-detection-ws/install/object_detection_msgs/share/object_detection_msgs/cmake/export_object_detection_msgs__rosidl_typesupport_fastrtps_cExport-noconfig.cmake
-- Up-to-date: /home/amr01/workspace/robofun-1.0/object-detection-ws/install/object_detection_msgs/share/object_detection_msgs/cmake/object_detection_msgs__rosidl_typesupport_introspection_cExport.cmake
-- Up-to-date: /home/amr01/workspace/robofun-1.0/object-detection-ws/install/object_detection_msgs/share/object_detection_msgs/cmake/object_detection_msgs__rosidl_typesupport_introspection_cExport-noconfig.cmake
-- Up-to-date: /home/amr01/workspace/robofun-1.0/object-detection-ws/install/object_detection_msgs/share/object_detection_msgs/cmake/object_detection_msgs__rosidl_typesupport_cExport.cmake
-- Up-to-date: /home/amr01/workspace/robofun-1.0/object-detection-ws/install/object_detection_msgs/share/object_detection_msgs/cmake/object_detection_msgs__rosidl_typesupport_cExport-noconfig.cmake
-- Up-to-date: /home/amr01/workspace/robofun-1.0/object-detection-ws/install/object_detection_msgs/share/object_detection_msgs/cmake/export_object_detection_msgs__rosidl_generator_cppExport.cmake
-- Up-to-date: /home/amr01/workspace/robofun-1.0/object-detection-ws/install/object_detection_msgs/share/object_detection_msgs/cmake/export_object_detection_msgs__rosidl_typesupport_fastrtps_cppExport.cmake
-- Up-to-date: /home/amr01/workspace/robofun-1.0/object-detection-ws/install/object_detection_msgs/share/object_detection_msgs/cmake/export_object_detection_msgs__rosidl_typesupport_fastrtps_cppExport-noconfig.cmake
-- Up-to-date: /home/amr01/workspace/robofun-1.0/object-detection-ws/install/object_detection_msgs/share/object_detection_msgs/cmake/object_detection_msgs__rosidl_typesupport_introspection_cppExport.cmake
-- Up-to-date: /home/amr01/workspace/robofun-1.0/object-detection-ws/install/object_detection_msgs/share/object_detection_msgs/cmake/object_detection_msgs__rosidl_typesupport_introspection_cppExport-noconfig.cmake
-- Up-to-date: /home/amr01/workspace/robofun-1.0/object-detection-ws/install/object_detection_msgs/share/object_detection_msgs/cmake/object_detection_msgs__rosidl_typesupport_cppExport.cmake
-- Up-to-date: /home/amr01/workspace/robofun-1.0/object-detection-ws/install/object_detection_msgs/share/object_detection_msgs/cmake/object_detection_msgs__rosidl_typesupport_cppExport-noconfig.cmake
-- Up-to-date: /home/amr01/workspace/robofun-1.0/object-detection-ws/install/object_detection_msgs/share/object_detection_msgs/cmake/export_object_detection_msgs__rosidl_generator_pyExport.cmake
-- Up-to-date: /home/amr01/workspace/robofun-1.0/object-detection-ws/install/object_detection_msgs/share/object_detection_msgs/cmake/export_object_detection_msgs__rosidl_generator_pyExport-noconfig.cmake
