[1.015s] Invoking command in '/home/amr01/workspace/robofun-1.0/object-detection-ws/src/scuttle_mqtt': PYTHONPATH=/home/amr01/workspace/robofun-1.0/object-detection-ws/build/scuttle_mqtt/prefix_override:/usr/lib/python3/dist-packages/colcon_core/task/python/colcon_distutils_commands:/home/amr01/workspace/robofun-1.0/object-detection-ws/install/scuttle_mqtt/lib/python3.10/site-packages:${PYTHONPATH} /usr/bin/python3 -W ignore:setup.py install is deprecated -W ignore:easy_install command is deprecated setup.py egg_info --egg-base ../../build/scuttle_mqtt build --build-base /home/amr01/workspace/robofun-1.0/object-detection-ws/build/scuttle_mqtt/build install --record /home/amr01/workspace/robofun-1.0/object-detection-ws/build/scuttle_mqtt/install.log --single-version-externally-managed install_data
[1.279s] running egg_info
[1.279s] creating ../../build/scuttle_mqtt/scuttle_mqtt.egg-info
[1.280s] writing ../../build/scuttle_mqtt/scuttle_mqtt.egg-info/PKG-INFO
[1.280s] writing dependency_links to ../../build/scuttle_mqtt/scuttle_mqtt.egg-info/dependency_links.txt
[1.280s] writing entry points to ../../build/scuttle_mqtt/scuttle_mqtt.egg-info/entry_points.txt
[1.280s] writing requirements to ../../build/scuttle_mqtt/scuttle_mqtt.egg-info/requires.txt
[1.280s] writing top-level names to ../../build/scuttle_mqtt/scuttle_mqtt.egg-info/top_level.txt
[1.280s] writing manifest file '../../build/scuttle_mqtt/scuttle_mqtt.egg-info/SOURCES.txt'
[1.282s] reading manifest file '../../build/scuttle_mqtt/scuttle_mqtt.egg-info/SOURCES.txt'
[1.283s] writing manifest file '../../build/scuttle_mqtt/scuttle_mqtt.egg-info/SOURCES.txt'
[1.283s] running build
[1.283s] running build_py
[1.283s] creating /home/amr01/workspace/robofun-1.0/object-detection-ws/build/scuttle_mqtt/build
[1.283s] creating /home/amr01/workspace/robofun-1.0/object-detection-ws/build/scuttle_mqtt/build/lib
[1.283s] creating /home/amr01/workspace/robofun-1.0/object-detection-ws/build/scuttle_mqtt/build/lib/scuttle_mqtt
[1.283s] copying scuttle_mqtt/image_publisher.py -> /home/amr01/workspace/robofun-1.0/object-detection-ws/build/scuttle_mqtt/build/lib/scuttle_mqtt
[1.283s] copying scuttle_mqtt/__init__.py -> /home/amr01/workspace/robofun-1.0/object-detection-ws/build/scuttle_mqtt/build/lib/scuttle_mqtt
[1.283s] running install
[1.283s] running install_lib
[1.284s] creating /home/amr01/workspace/robofun-1.0/object-detection-ws/install/scuttle_mqtt/lib/python3.10/site-packages/scuttle_mqtt
[1.284s] copying /home/amr01/workspace/robofun-1.0/object-detection-ws/build/scuttle_mqtt/build/lib/scuttle_mqtt/image_publisher.py -> /home/amr01/workspace/robofun-1.0/object-detection-ws/install/scuttle_mqtt/lib/python3.10/site-packages/scuttle_mqtt
[1.284s] copying /home/amr01/workspace/robofun-1.0/object-detection-ws/build/scuttle_mqtt/build/lib/scuttle_mqtt/__init__.py -> /home/amr01/workspace/robofun-1.0/object-detection-ws/install/scuttle_mqtt/lib/python3.10/site-packages/scuttle_mqtt
[1.284s] byte-compiling /home/amr01/workspace/robofun-1.0/object-detection-ws/install/scuttle_mqtt/lib/python3.10/site-packages/scuttle_mqtt/image_publisher.py to image_publisher.cpython-310.pyc
[1.285s] byte-compiling /home/amr01/workspace/robofun-1.0/object-detection-ws/install/scuttle_mqtt/lib/python3.10/site-packages/scuttle_mqtt/__init__.py to __init__.cpython-310.pyc
[1.286s] running install_data
[1.286s] creating /home/amr01/workspace/robofun-1.0/object-detection-ws/install/scuttle_mqtt/share/ament_index
[1.286s] creating /home/amr01/workspace/robofun-1.0/object-detection-ws/install/scuttle_mqtt/share/ament_index/resource_index
[1.286s] creating /home/amr01/workspace/robofun-1.0/object-detection-ws/install/scuttle_mqtt/share/ament_index/resource_index/packages
[1.286s] copying resource/scuttle_mqtt -> /home/amr01/workspace/robofun-1.0/object-detection-ws/install/scuttle_mqtt/share/ament_index/resource_index/packages
[1.286s] copying package.xml -> /home/amr01/workspace/robofun-1.0/object-detection-ws/install/scuttle_mqtt/share/scuttle_mqtt
[1.286s] running install_egg_info
[1.287s] Copying ../../build/scuttle_mqtt/scuttle_mqtt.egg-info to /home/amr01/workspace/robofun-1.0/object-detection-ws/install/scuttle_mqtt/lib/python3.10/site-packages/scuttle_mqtt-0.0.0-py3.10.egg-info
[1.288s] running install_scripts
[1.307s] Installing mqtt_image_publisher script to /home/amr01/workspace/robofun-1.0/object-detection-ws/install/scuttle_mqtt/lib/scuttle_mqtt
[1.308s] writing list of installed files to '/home/amr01/workspace/robofun-1.0/object-detection-ws/build/scuttle_mqtt/install.log'
[1.332s] Invoked command in '/home/amr01/workspace/robofun-1.0/object-detection-ws/src/scuttle_mqtt' returned '0': PYTHONPATH=/home/amr01/workspace/robofun-1.0/object-detection-ws/build/scuttle_mqtt/prefix_override:/usr/lib/python3/dist-packages/colcon_core/task/python/colcon_distutils_commands:/home/amr01/workspace/robofun-1.0/object-detection-ws/install/scuttle_mqtt/lib/python3.10/site-packages:${PYTHONPATH} /usr/bin/python3 -W ignore:setup.py install is deprecated -W ignore:easy_install command is deprecated setup.py egg_info --egg-base ../../build/scuttle_mqtt build --build-base /home/amr01/workspace/robofun-1.0/object-detection-ws/build/scuttle_mqtt/build install --record /home/amr01/workspace/robofun-1.0/object-detection-ws/build/scuttle_mqtt/install.log --single-version-externally-managed install_data
