[0.637s] Invoking command in '/home/amr01/workspace/robofun-1.0/object-detection-ws/build/object_detection': PYTHONPATH=/home/amr01/workspace/robofun-1.0/object-detection-ws/build/object_detection/prefix_override:/usr/lib/python3/dist-packages/colcon_core/task/python/colcon_distutils_commands:/home/amr01/workspace/robofun-1.0/object-detection-ws/install/object_detection/lib/python3.10/site-packages:${PYTHONPATH} /usr/bin/python3 -W ignore:setup.py install is deprecated setup.py develop --editable --build-directory /home/amr01/workspace/robofun-1.0/object-detection-ws/build/object_detection/build --no-deps symlink_data
[0.894s] running develop
[0.894s] /usr/lib/python3/dist-packages/setuptools/command/easy_install.py:158: EasyInstallDeprecationWarning: easy_install command is deprecated. Use build and pip and other standards-based tools.
[0.894s]   warnings.warn(
[1.080s] running egg_info
[1.081s] creating object_detection.egg-info
[1.081s] writing object_detection.egg-info/PKG-INFO
[1.081s] writing dependency_links to object_detection.egg-info/dependency_links.txt
[1.081s] writing entry points to object_detection.egg-info/entry_points.txt
[1.081s] writing requirements to object_detection.egg-info/requires.txt
[1.081s] writing top-level names to object_detection.egg-info/top_level.txt
[1.081s] writing manifest file 'object_detection.egg-info/SOURCES.txt'
[1.083s] reading manifest file 'object_detection.egg-info/SOURCES.txt'
[1.083s] writing manifest file 'object_detection.egg-info/SOURCES.txt'
[1.084s] running build_ext
[1.085s] Creating /home/amr01/workspace/robofun-1.0/object-detection-ws/install/object_detection/lib/python3.10/site-packages/object-detection.egg-link (link to .)
[1.085s] Installing object_detection_node script to /home/amr01/workspace/robofun-1.0/object-detection-ws/install/object_detection/lib/object_detection
[1.085s] 
[1.085s] Installed /home/amr01/workspace/robofun-1.0/object-detection-ws/build/object_detection
[1.085s] running symlink_data
[1.086s] creating /home/amr01/workspace/robofun-1.0/object-detection-ws/install/object_detection/share/ament_index
[1.086s] creating /home/amr01/workspace/robofun-1.0/object-detection-ws/install/object_detection/share/ament_index/resource_index
[1.086s] creating /home/amr01/workspace/robofun-1.0/object-detection-ws/install/object_detection/share/ament_index/resource_index/packages
[1.086s] symbolically linking /home/amr01/workspace/robofun-1.0/object-detection-ws/build/object_detection/resource/object_detection -> /home/amr01/workspace/robofun-1.0/object-detection-ws/install/object_detection/share/ament_index/resource_index/packages
[1.086s] symbolically linking /home/amr01/workspace/robofun-1.0/object-detection-ws/build/object_detection/package.xml -> /home/amr01/workspace/robofun-1.0/object-detection-ws/install/object_detection/share/object_detection
