[0.286s] Invoking command in '/home/amr01/workspace/robofun-1.0/object-detection-ws/build/object_detection_msgs': /usr/bin/cmake --build /home/amr01/workspace/robofun-1.0/object-detection-ws/build/object_detection_msgs -- -j8 -l8
[0.316s] [35m[1mConsolidate compiler generated dependencies of target object_detection_msgs__rosidl_generator_c[0m
[0.323s] [  2%] Built target object_detection_msgs__cpp
[0.325s] [ 12%] Built target object_detection_msgs__rosidl_generator_c
[0.334s] [35m[1mConsolidate compiler generated dependencies of target object_detection_msgs__rosidl_typesupport_fastrtps_cpp[0m
[0.334s] [ 12%] Built target ament_cmake_python_symlink_object_detection_msgs
[0.335s] [35m[1mConsolidate compiler generated dependencies of target object_detection_msgs__rosidl_typesupport_introspection_cpp[0m
[0.336s] [35m[1mConsolidate compiler generated dependencies of target object_detection_msgs__rosidl_typesupport_introspection_c[0m
[0.336s] [35m[1mConsolidate compiler generated dependencies of target object_detection_msgs__rosidl_typesupport_fastrtps_c[0m
[0.341s] [35m[1mConsolidate compiler generated dependencies of target object_detection_msgs__rosidl_typesupport_c[0m
[0.341s] [35m[1mConsolidate compiler generated dependencies of target object_detection_msgs__rosidl_typesupport_cpp[0m
[0.350s] [ 23%] Built target object_detection_msgs__rosidl_typesupport_introspection_c
[0.350s] [ 33%] Built target object_detection_msgs__rosidl_typesupport_introspection_cpp
[0.351s] [ 43%] Built target object_detection_msgs__rosidl_typesupport_fastrtps_cpp
[0.353s] [ 53%] Built target object_detection_msgs__rosidl_typesupport_c
[0.355s] [ 64%] Built target object_detection_msgs__rosidl_typesupport_fastrtps_c
[0.364s] [ 74%] Built target object_detection_msgs__rosidl_typesupport_cpp
[0.381s] [ 74%] Built target object_detection_msgs
[0.399s] [ 76%] Built target object_detection_msgs__py
[0.413s] [35m[1mConsolidate compiler generated dependencies of target object_detection_msgs__rosidl_generator_py[0m
[0.426s] [ 84%] Built target object_detection_msgs__rosidl_generator_py
[0.434s] [35m[1mConsolidate compiler generated dependencies of target object_detection_msgs__rosidl_typesupport_introspection_c__pyext[0m
[0.437s] [35m[1mConsolidate compiler generated dependencies of target object_detection_msgs__rosidl_typesupport_c__pyext[0m
[0.437s] [35m[1mConsolidate compiler generated dependencies of target object_detection_msgs__rosidl_typesupport_fastrtps_c__pyext[0m
[0.444s] [ 89%] Built target object_detection_msgs__rosidl_typesupport_introspection_c__pyext
[0.451s] [ 94%] Built target object_detection_msgs__rosidl_typesupport_c__pyext
[0.452s] [100%] Built target object_detection_msgs__rosidl_typesupport_fastrtps_c__pyext
[0.608s] running egg_info
[0.609s] writing object_detection_msgs.egg-info/PKG-INFO
[0.609s] writing dependency_links to object_detection_msgs.egg-info/dependency_links.txt
[0.609s] writing top-level names to object_detection_msgs.egg-info/top_level.txt
[0.611s] reading manifest file 'object_detection_msgs.egg-info/SOURCES.txt'
[0.612s] writing manifest file 'object_detection_msgs.egg-info/SOURCES.txt'
[0.635s] [100%] Built target ament_cmake_python_build_object_detection_msgs_egg
[0.643s] Invoked command in '/home/amr01/workspace/robofun-1.0/object-detection-ws/build/object_detection_msgs' returned '0': /usr/bin/cmake --build /home/amr01/workspace/robofun-1.0/object-detection-ws/build/object_detection_msgs -- -j8 -l8
[0.706s] Invoking command in '/home/amr01/workspace/robofun-1.0/object-detection-ws/build/object_detection_msgs': /usr/bin/cmake --install /home/amr01/workspace/robofun-1.0/object-detection-ws/build/object_detection_msgs
[0.713s] -- Install configuration: ""
[0.714s] -- Execute custom install script
[0.714s] -- Up-to-date symlink: /home/amr01/workspace/robofun-1.0/object-detection-ws/install/object_detection_msgs/share/ament_index/resource_index/rosidl_interfaces/object_detection_msgs
[0.715s] -- Up-to-date symlink: /home/amr01/workspace/robofun-1.0/object-detection-ws/install/object_detection_msgs/include/object_detection_msgs/object_detection_msgs/msg/detail/object__functions.h
[0.715s] -- Up-to-date symlink: /home/amr01/workspace/robofun-1.0/object-detection-ws/install/object_detection_msgs/include/object_detection_msgs/object_detection_msgs/msg/detail/object__struct.h
[0.715s] -- Up-to-date symlink: /home/amr01/workspace/robofun-1.0/object-detection-ws/install/object_detection_msgs/include/object_detection_msgs/object_detection_msgs/msg/detail/object__type_support.h
[0.715s] -- Up-to-date symlink: /home/amr01/workspace/robofun-1.0/object-detection-ws/install/object_detection_msgs/include/object_detection_msgs/object_detection_msgs/msg/detail/objects__functions.h
[0.715s] -- Up-to-date symlink: /home/amr01/workspace/robofun-1.0/object-detection-ws/install/object_detection_msgs/include/object_detection_msgs/object_detection_msgs/msg/detail/objects__struct.h
[0.715s] -- Up-to-date symlink: /home/amr01/workspace/robofun-1.0/object-detection-ws/install/object_detection_msgs/include/object_detection_msgs/object_detection_msgs/msg/detail/objects__type_support.h
[0.715s] -- Up-to-date symlink: /home/amr01/workspace/robofun-1.0/object-detection-ws/install/object_detection_msgs/include/object_detection_msgs/object_detection_msgs/msg/object.h
[0.715s] -- Up-to-date symlink: /home/amr01/workspace/robofun-1.0/object-detection-ws/install/object_detection_msgs/include/object_detection_msgs/object_detection_msgs/msg/objects.h
[0.715s] -- Up-to-date symlink: /home/amr01/workspace/robofun-1.0/object-detection-ws/install/object_detection_msgs/include/object_detection_msgs/object_detection_msgs/msg/rosidl_generator_c__visibility_control.h
[0.716s] -- Up-to-date symlink: /home/amr01/workspace/robofun-1.0/object-detection-ws/install/object_detection_msgs/share/object_detection_msgs/environment/library_path.sh
[0.716s] -- Up-to-date symlink: /home/amr01/workspace/robofun-1.0/object-detection-ws/install/object_detection_msgs/share/object_detection_msgs/environment/library_path.dsv
[0.716s] -- Up-to-date symlink: /home/amr01/workspace/robofun-1.0/object-detection-ws/install/object_detection_msgs/include/object_detection_msgs/object_detection_msgs/msg/detail/object__rosidl_typesupport_fastrtps_c.h
[0.716s] -- Up-to-date symlink: /home/amr01/workspace/robofun-1.0/object-detection-ws/install/object_detection_msgs/include/object_detection_msgs/object_detection_msgs/msg/detail/objects__rosidl_typesupport_fastrtps_c.h
[0.717s] -- Up-to-date symlink: /home/amr01/workspace/robofun-1.0/object-detection-ws/install/object_detection_msgs/include/object_detection_msgs/object_detection_msgs/msg/rosidl_typesupport_fastrtps_c__visibility_control.h
[0.717s] -- Up-to-date symlink: /home/amr01/workspace/robofun-1.0/object-detection-ws/install/object_detection_msgs/include/object_detection_msgs/object_detection_msgs/msg/detail/object__rosidl_typesupport_introspection_c.h
[0.717s] -- Up-to-date symlink: /home/amr01/workspace/robofun-1.0/object-detection-ws/install/object_detection_msgs/include/object_detection_msgs/object_detection_msgs/msg/detail/objects__rosidl_typesupport_introspection_c.h
[0.717s] -- Up-to-date symlink: /home/amr01/workspace/robofun-1.0/object-detection-ws/install/object_detection_msgs/include/object_detection_msgs/object_detection_msgs/msg/rosidl_typesupport_introspection_c__visibility_control.h
[0.718s] -- Up-to-date symlink: /home/amr01/workspace/robofun-1.0/object-detection-ws/install/object_detection_msgs/include/object_detection_msgs/object_detection_msgs/msg/detail/object__builder.hpp
[0.718s] -- Up-to-date symlink: /home/amr01/workspace/robofun-1.0/object-detection-ws/install/object_detection_msgs/include/object_detection_msgs/object_detection_msgs/msg/detail/object__struct.hpp
[0.718s] -- Up-to-date symlink: /home/amr01/workspace/robofun-1.0/object-detection-ws/install/object_detection_msgs/include/object_detection_msgs/object_detection_msgs/msg/detail/object__traits.hpp
[0.718s] -- Up-to-date symlink: /home/amr01/workspace/robofun-1.0/object-detection-ws/install/object_detection_msgs/include/object_detection_msgs/object_detection_msgs/msg/detail/objects__builder.hpp
[0.718s] -- Up-to-date symlink: /home/amr01/workspace/robofun-1.0/object-detection-ws/install/object_detection_msgs/include/object_detection_msgs/object_detection_msgs/msg/detail/objects__struct.hpp
[0.718s] -- Up-to-date symlink: /home/amr01/workspace/robofun-1.0/object-detection-ws/install/object_detection_msgs/include/object_detection_msgs/object_detection_msgs/msg/detail/objects__traits.hpp
[0.718s] -- Up-to-date symlink: /home/amr01/workspace/robofun-1.0/object-detection-ws/install/object_detection_msgs/include/object_detection_msgs/object_detection_msgs/msg/object.hpp
[0.719s] -- Up-to-date symlink: /home/amr01/workspace/robofun-1.0/object-detection-ws/install/object_detection_msgs/include/object_detection_msgs/object_detection_msgs/msg/objects.hpp
[0.719s] -- Up-to-date symlink: /home/amr01/workspace/robofun-1.0/object-detection-ws/install/object_detection_msgs/include/object_detection_msgs/object_detection_msgs/msg/detail/object__rosidl_typesupport_fastrtps_cpp.hpp
[0.719s] -- Up-to-date symlink: /home/amr01/workspace/robofun-1.0/object-detection-ws/install/object_detection_msgs/include/object_detection_msgs/object_detection_msgs/msg/detail/objects__rosidl_typesupport_fastrtps_cpp.hpp
[0.719s] -- Up-to-date symlink: /home/amr01/workspace/robofun-1.0/object-detection-ws/install/object_detection_msgs/include/object_detection_msgs/object_detection_msgs/msg/rosidl_typesupport_fastrtps_cpp__visibility_control.h
[0.720s] -- Up-to-date symlink: /home/amr01/workspace/robofun-1.0/object-detection-ws/install/object_detection_msgs/include/object_detection_msgs/object_detection_msgs/msg/detail/object__rosidl_typesupport_introspection_cpp.hpp
[0.720s] -- Up-to-date symlink: /home/amr01/workspace/robofun-1.0/object-detection-ws/install/object_detection_msgs/include/object_detection_msgs/object_detection_msgs/msg/detail/objects__rosidl_typesupport_introspection_cpp.hpp
[0.720s] -- Up-to-date symlink: /home/amr01/workspace/robofun-1.0/object-detection-ws/install/object_detection_msgs/share/object_detection_msgs/environment/pythonpath.sh
[0.720s] -- Up-to-date symlink: /home/amr01/workspace/robofun-1.0/object-detection-ws/install/object_detection_msgs/share/object_detection_msgs/environment/pythonpath.dsv
[0.721s] -- Up-to-date symlink: /home/amr01/workspace/robofun-1.0/object-detection-ws/install/object_detection_msgs/local/lib/python3.10/dist-packages/object_detection_msgs-0.0.0-py3.10.egg-info/PKG-INFO
[0.721s] -- Up-to-date symlink: /home/amr01/workspace/robofun-1.0/object-detection-ws/install/object_detection_msgs/local/lib/python3.10/dist-packages/object_detection_msgs-0.0.0-py3.10.egg-info/SOURCES.txt
[0.721s] -- Up-to-date symlink: /home/amr01/workspace/robofun-1.0/object-detection-ws/install/object_detection_msgs/local/lib/python3.10/dist-packages/object_detection_msgs-0.0.0-py3.10.egg-info/dependency_links.txt
[0.721s] -- Up-to-date symlink: /home/amr01/workspace/robofun-1.0/object-detection-ws/install/object_detection_msgs/local/lib/python3.10/dist-packages/object_detection_msgs-0.0.0-py3.10.egg-info/top_level.txt
[0.722s] -- Up-to-date symlink: /home/amr01/workspace/robofun-1.0/object-detection-ws/install/object_detection_msgs/local/lib/python3.10/dist-packages/object_detection_msgs/__init__.py
[0.722s] -- Up-to-date symlink: /home/amr01/workspace/robofun-1.0/object-detection-ws/install/object_detection_msgs/local/lib/python3.10/dist-packages/object_detection_msgs/_object_detection_msgs_s.ep.rosidl_typesupport_c.c
[0.722s] -- Up-to-date symlink: /home/amr01/workspace/robofun-1.0/object-detection-ws/install/object_detection_msgs/local/lib/python3.10/dist-packages/object_detection_msgs/_object_detection_msgs_s.ep.rosidl_typesupport_fastrtps_c.c
[0.722s] -- Up-to-date symlink: /home/amr01/workspace/robofun-1.0/object-detection-ws/install/object_detection_msgs/local/lib/python3.10/dist-packages/object_detection_msgs/_object_detection_msgs_s.ep.rosidl_typesupport_introspection_c.c
[0.722s] -- Up-to-date symlink: /home/amr01/workspace/robofun-1.0/object-detection-ws/install/object_detection_msgs/local/lib/python3.10/dist-packages/object_detection_msgs/libobject_detection_msgs__rosidl_generator_py.so
[0.722s] -- Up-to-date symlink: /home/amr01/workspace/robofun-1.0/object-detection-ws/install/object_detection_msgs/local/lib/python3.10/dist-packages/object_detection_msgs/msg/__init__.py
[0.722s] -- Up-to-date symlink: /home/amr01/workspace/robofun-1.0/object-detection-ws/install/object_detection_msgs/local/lib/python3.10/dist-packages/object_detection_msgs/msg/_object.py
[0.723s] -- Up-to-date symlink: /home/amr01/workspace/robofun-1.0/object-detection-ws/install/object_detection_msgs/local/lib/python3.10/dist-packages/object_detection_msgs/msg/_object_s.c
[0.723s] -- Up-to-date symlink: /home/amr01/workspace/robofun-1.0/object-detection-ws/install/object_detection_msgs/local/lib/python3.10/dist-packages/object_detection_msgs/msg/_objects.py
[0.723s] -- Up-to-date symlink: /home/amr01/workspace/robofun-1.0/object-detection-ws/install/object_detection_msgs/local/lib/python3.10/dist-packages/object_detection_msgs/msg/_objects_s.c
[0.723s] -- Up-to-date symlink: /home/amr01/workspace/robofun-1.0/object-detection-ws/install/object_detection_msgs/local/lib/python3.10/dist-packages/object_detection_msgs/object_detection_msgs_s__rosidl_typesupport_c.cpython-310-x86_64-linux-gnu.so
[0.723s] -- Up-to-date symlink: /home/amr01/workspace/robofun-1.0/object-detection-ws/install/object_detection_msgs/local/lib/python3.10/dist-packages/object_detection_msgs/object_detection_msgs_s__rosidl_typesupport_fastrtps_c.cpython-310-x86_64-linux-gnu.so
[0.723s] -- Up-to-date symlink: /home/amr01/workspace/robofun-1.0/object-detection-ws/install/object_detection_msgs/local/lib/python3.10/dist-packages/object_detection_msgs/object_detection_msgs_s__rosidl_typesupport_introspection_c.cpython-310-x86_64-linux-gnu.so
[0.724s] -- Up-to-date symlink: /home/amr01/workspace/robofun-1.0/object-detection-ws/install/object_detection_msgs/local/lib/python3.10/dist-packages/object_detection_msgs/object_detection_msgs_s__rosidl_typesupport_fastrtps_c.cpython-310-x86_64-linux-gnu.so
[0.724s] -- Up-to-date symlink: /home/amr01/workspace/robofun-1.0/object-detection-ws/install/object_detection_msgs/local/lib/python3.10/dist-packages/object_detection_msgs/object_detection_msgs_s__rosidl_typesupport_introspection_c.cpython-310-x86_64-linux-gnu.so
[0.724s] -- Up-to-date symlink: /home/amr01/workspace/robofun-1.0/object-detection-ws/install/object_detection_msgs/local/lib/python3.10/dist-packages/object_detection_msgs/object_detection_msgs_s__rosidl_typesupport_c.cpython-310-x86_64-linux-gnu.so
[0.724s] -- Up-to-date symlink: /home/amr01/workspace/robofun-1.0/object-detection-ws/install/object_detection_msgs/share/object_detection_msgs/msg/Object.idl
[0.724s] -- Up-to-date symlink: /home/amr01/workspace/robofun-1.0/object-detection-ws/install/object_detection_msgs/share/object_detection_msgs/msg/Objects.idl
[0.725s] -- Up-to-date symlink: /home/amr01/workspace/robofun-1.0/object-detection-ws/install/object_detection_msgs/share/object_detection_msgs/msg/Object.msg
[0.725s] -- Up-to-date symlink: /home/amr01/workspace/robofun-1.0/object-detection-ws/install/object_detection_msgs/share/object_detection_msgs/msg/Objects.msg
[0.725s] -- Up-to-date symlink: /home/amr01/workspace/robofun-1.0/object-detection-ws/install/object_detection_msgs/share/ament_index/resource_index/package_run_dependencies/object_detection_msgs
[0.725s] -- Up-to-date symlink: /home/amr01/workspace/robofun-1.0/object-detection-ws/install/object_detection_msgs/share/ament_index/resource_index/parent_prefix_path/object_detection_msgs
[0.725s] -- Up-to-date symlink: /home/amr01/workspace/robofun-1.0/object-detection-ws/install/object_detection_msgs/share/object_detection_msgs/environment/ament_prefix_path.sh
[0.726s] -- Up-to-date symlink: /home/amr01/workspace/robofun-1.0/object-detection-ws/install/object_detection_msgs/share/object_detection_msgs/environment/ament_prefix_path.dsv
[0.726s] -- Up-to-date symlink: /home/amr01/workspace/robofun-1.0/object-detection-ws/install/object_detection_msgs/share/object_detection_msgs/environment/path.sh
[0.726s] -- Up-to-date symlink: /home/amr01/workspace/robofun-1.0/object-detection-ws/install/object_detection_msgs/share/object_detection_msgs/environment/path.dsv
[0.726s] -- Up-to-date symlink: /home/amr01/workspace/robofun-1.0/object-detection-ws/install/object_detection_msgs/share/object_detection_msgs/local_setup.bash
[0.726s] -- Up-to-date symlink: /home/amr01/workspace/robofun-1.0/object-detection-ws/install/object_detection_msgs/share/object_detection_msgs/local_setup.sh
[0.726s] -- Up-to-date symlink: /home/amr01/workspace/robofun-1.0/object-detection-ws/install/object_detection_msgs/share/object_detection_msgs/local_setup.zsh
[0.727s] -- Up-to-date symlink: /home/amr01/workspace/robofun-1.0/object-detection-ws/install/object_detection_msgs/share/object_detection_msgs/local_setup.dsv
[0.727s] -- Symlinking: /home/amr01/workspace/robofun-1.0/object-detection-ws/install/object_detection_msgs/share/object_detection_msgs/package.dsv
[0.734s] -- Up-to-date symlink: /home/amr01/workspace/robofun-1.0/object-detection-ws/install/object_detection_msgs/share/ament_index/resource_index/packages/object_detection_msgs
[0.734s] -- Up-to-date symlink: /home/amr01/workspace/robofun-1.0/object-detection-ws/install/object_detection_msgs/share/object_detection_msgs/cmake/rosidl_cmake-extras.cmake
[0.735s] -- Up-to-date symlink: /home/amr01/workspace/robofun-1.0/object-detection-ws/install/object_detection_msgs/share/object_detection_msgs/cmake/ament_cmake_export_dependencies-extras.cmake
[0.735s] -- Up-to-date symlink: /home/amr01/workspace/robofun-1.0/object-detection-ws/install/object_detection_msgs/share/object_detection_msgs/cmake/ament_cmake_export_include_directories-extras.cmake
[0.735s] -- Up-to-date symlink: /home/amr01/workspace/robofun-1.0/object-detection-ws/install/object_detection_msgs/share/object_detection_msgs/cmake/ament_cmake_export_libraries-extras.cmake
[0.735s] -- Up-to-date symlink: /home/amr01/workspace/robofun-1.0/object-detection-ws/install/object_detection_msgs/share/object_detection_msgs/cmake/ament_cmake_export_targets-extras.cmake
[0.735s] -- Up-to-date symlink: /home/amr01/workspace/robofun-1.0/object-detection-ws/install/object_detection_msgs/share/object_detection_msgs/cmake/rosidl_cmake_export_typesupport_targets-extras.cmake
[0.735s] -- Up-to-date symlink: /home/amr01/workspace/robofun-1.0/object-detection-ws/install/object_detection_msgs/share/object_detection_msgs/cmake/rosidl_cmake_export_typesupport_libraries-extras.cmake
[0.736s] -- Up-to-date symlink: /home/amr01/workspace/robofun-1.0/object-detection-ws/install/object_detection_msgs/share/object_detection_msgs/cmake/object_detection_msgsConfig.cmake
[0.736s] -- Up-to-date symlink: /home/amr01/workspace/robofun-1.0/object-detection-ws/install/object_detection_msgs/share/object_detection_msgs/cmake/object_detection_msgsConfig-version.cmake
[0.736s] -- Up-to-date symlink: /home/amr01/workspace/robofun-1.0/object-detection-ws/install/object_detection_msgs/share/object_detection_msgs/package.xml
[0.736s] -- Up-to-date: /home/amr01/workspace/robofun-1.0/object-detection-ws/install/object_detection_msgs/lib/libobject_detection_msgs__rosidl_generator_c.so
[0.736s] -- Up-to-date: /home/amr01/workspace/robofun-1.0/object-detection-ws/install/object_detection_msgs/lib/libobject_detection_msgs__rosidl_typesupport_fastrtps_c.so
[0.737s] -- Up-to-date: /home/amr01/workspace/robofun-1.0/object-detection-ws/install/object_detection_msgs/lib/libobject_detection_msgs__rosidl_typesupport_introspection_c.so
[0.737s] -- Up-to-date: /home/amr01/workspace/robofun-1.0/object-detection-ws/install/object_detection_msgs/lib/libobject_detection_msgs__rosidl_typesupport_c.so
[0.737s] -- Up-to-date: /home/amr01/workspace/robofun-1.0/object-detection-ws/install/object_detection_msgs/lib/libobject_detection_msgs__rosidl_typesupport_fastrtps_cpp.so
[0.737s] -- Up-to-date: /home/amr01/workspace/robofun-1.0/object-detection-ws/install/object_detection_msgs/lib/libobject_detection_msgs__rosidl_typesupport_introspection_cpp.so
[0.737s] -- Up-to-date: /home/amr01/workspace/robofun-1.0/object-detection-ws/install/object_detection_msgs/lib/libobject_detection_msgs__rosidl_typesupport_cpp.so
[0.766s] Listing '/home/amr01/workspace/robofun-1.0/object-detection-ws/install/object_detection_msgs/local/lib/python3.10/dist-packages/object_detection_msgs'...
[0.766s] Listing '/home/amr01/workspace/robofun-1.0/object-detection-ws/install/object_detection_msgs/local/lib/python3.10/dist-packages/object_detection_msgs/msg'...
[0.770s] -- Up-to-date: /home/amr01/workspace/robofun-1.0/object-detection-ws/install/object_detection_msgs/lib/libobject_detection_msgs__rosidl_generator_py.so
[0.770s] -- Up-to-date: /home/amr01/workspace/robofun-1.0/object-detection-ws/install/object_detection_msgs/share/object_detection_msgs/cmake/export_object_detection_msgs__rosidl_generator_cExport.cmake
[0.770s] -- Up-to-date: /home/amr01/workspace/robofun-1.0/object-detection-ws/install/object_detection_msgs/share/object_detection_msgs/cmake/export_object_detection_msgs__rosidl_generator_cExport-noconfig.cmake
[0.770s] -- Up-to-date: /home/amr01/workspace/robofun-1.0/object-detection-ws/install/object_detection_msgs/share/object_detection_msgs/cmake/export_object_detection_msgs__rosidl_typesupport_fastrtps_cExport.cmake
[0.770s] -- Up-to-date: /home/amr01/workspace/robofun-1.0/object-detection-ws/install/object_detection_msgs/share/object_detection_msgs/cmake/export_object_detection_msgs__rosidl_typesupport_fastrtps_cExport-noconfig.cmake
[0.771s] -- Up-to-date: /home/amr01/workspace/robofun-1.0/object-detection-ws/install/object_detection_msgs/share/object_detection_msgs/cmake/object_detection_msgs__rosidl_typesupport_introspection_cExport.cmake
[0.771s] -- Up-to-date: /home/amr01/workspace/robofun-1.0/object-detection-ws/install/object_detection_msgs/share/object_detection_msgs/cmake/object_detection_msgs__rosidl_typesupport_introspection_cExport-noconfig.cmake
[0.771s] -- Up-to-date: /home/amr01/workspace/robofun-1.0/object-detection-ws/install/object_detection_msgs/share/object_detection_msgs/cmake/object_detection_msgs__rosidl_typesupport_cExport.cmake
[0.771s] -- Up-to-date: /home/amr01/workspace/robofun-1.0/object-detection-ws/install/object_detection_msgs/share/object_detection_msgs/cmake/object_detection_msgs__rosidl_typesupport_cExport-noconfig.cmake
[0.771s] -- Up-to-date: /home/amr01/workspace/robofun-1.0/object-detection-ws/install/object_detection_msgs/share/object_detection_msgs/cmake/export_object_detection_msgs__rosidl_generator_cppExport.cmake
[0.771s] -- Up-to-date: /home/amr01/workspace/robofun-1.0/object-detection-ws/install/object_detection_msgs/share/object_detection_msgs/cmake/export_object_detection_msgs__rosidl_typesupport_fastrtps_cppExport.cmake
[0.771s] -- Up-to-date: /home/amr01/workspace/robofun-1.0/object-detection-ws/install/object_detection_msgs/share/object_detection_msgs/cmake/export_object_detection_msgs__rosidl_typesupport_fastrtps_cppExport-noconfig.cmake
[0.771s] -- Up-to-date: /home/amr01/workspace/robofun-1.0/object-detection-ws/install/object_detection_msgs/share/object_detection_msgs/cmake/object_detection_msgs__rosidl_typesupport_introspection_cppExport.cmake
[0.771s] -- Up-to-date: /home/amr01/workspace/robofun-1.0/object-detection-ws/install/object_detection_msgs/share/object_detection_msgs/cmake/object_detection_msgs__rosidl_typesupport_introspection_cppExport-noconfig.cmake
[0.772s] -- Up-to-date: /home/amr01/workspace/robofun-1.0/object-detection-ws/install/object_detection_msgs/share/object_detection_msgs/cmake/object_detection_msgs__rosidl_typesupport_cppExport.cmake
[0.772s] -- Up-to-date: /home/amr01/workspace/robofun-1.0/object-detection-ws/install/object_detection_msgs/share/object_detection_msgs/cmake/object_detection_msgs__rosidl_typesupport_cppExport-noconfig.cmake
[0.772s] -- Up-to-date: /home/amr01/workspace/robofun-1.0/object-detection-ws/install/object_detection_msgs/share/object_detection_msgs/cmake/export_object_detection_msgs__rosidl_generator_pyExport.cmake
[0.772s] -- Up-to-date: /home/amr01/workspace/robofun-1.0/object-detection-ws/install/object_detection_msgs/share/object_detection_msgs/cmake/export_object_detection_msgs__rosidl_generator_pyExport-noconfig.cmake
[0.773s] Invoked command in '/home/amr01/workspace/robofun-1.0/object-detection-ws/build/object_detection_msgs' returned '0': /usr/bin/cmake --install /home/amr01/workspace/robofun-1.0/object-detection-ws/build/object_detection_msgs
